#
# There is insufficient memory for the Java Runtime Environment to continue.
# Native memory allocation (mmap) failed to map 132120576 bytes for Failed to commit area from 0x0000000082000000 to 0x0000000089e00000 of length 132120576.
# Possible reasons:
#   The system is out of physical RAM or swap space
#   The process is running with CompressedOops enabled, and the Java Heap may be blocking the growth of the native heap
# Possible solutions:
#   Reduce memory load on the system
#   Increase physical memory or swap space
#   Check if swap backing store is full
#   Decrease Java heap size (-Xmx/-Xms)
#   Decrease number of Java threads
#   Decrease Java thread stack sizes (-Xss)
#   Set larger code cache with -XX:ReservedCodeCacheSize=
# This output file may be truncated or incomplete.
#
#  Out of Memory Error (./src/hotspot/os/windows/os_windows.cpp:3521), pid=9872, tid=7324
#
# JRE version:  (11.0.12+7) (build )
# Java VM: OpenJDK 64-Bit Server VM (11.0.12+7-b1504.28-7817840, mixed mode, sharing, tiered, compressed oops, g1 gc, windows-amd64)
# No core dump will be written. Minidumps are not enabled by default on client versions of Windows
#

---------------  S U M M A R Y ------------

Command Line: git4idea.http.GitAskPassApp Username for 'https://github.com': 

Host: Intel(R) Core(TM) i3-7020U CPU @ 2.30GHz, 4 cores, 7G,  Windows 10 , 64 bit Build 22000 (10.0.22000.708)
Time: Fri Sep 16 01:25:20 2022 India Standard Time elapsed time: 0.043942 seconds (0d 0h 0m 0s)

---------------  T H R E A D  ---------------

Current thread (0x00000282737bd000):  JavaThread "Unknown thread" [_thread_in_vm, id=7324, stack(0x000000904a300000,0x000000904a400000)]

Stack: [0x000000904a300000,0x000000904a400000]
Native frames: (J=compiled Java code, j=interpreted, Vv=VM code, C=native code)
V  [jvm.dll+0x5fbcea]
V  [jvm.dll+0x731905]
V  [jvm.dll+0x732f1d]
V  [jvm.dll+0x7335d3]
V  [jvm.dll+0x247bf8]
V  [jvm.dll+0x5f90b4]
V  [jvm.dll+0x5edc85]
V  [jvm.dll+0x305aeb]
V  [jvm.dll+0x305a5a]
V  [jvm.dll+0x305932]
V  [jvm.dll+0x30a896]
V  [jvm.dll+0x353803]
V  [jvm.dll+0x353f06]
V  [jvm.dll+0x353903]
V  [jvm.dll+0x2e0678]
V  [jvm.dll+0x2e1827]
V  [jvm.dll+0x710037]
V  [jvm.dll+0x71182c]
V  [jvm.dll+0x360da9]
V  [jvm.dll+0x6f390e]
V  [jvm.dll+0x3c9723]
V  [jvm.dll+0x3cb9b1]
C  [jli.dll+0x536b]
C  [ucrtbase.dll+0x26c0c]
C  [KERNEL32.DLL+0x154e0]
C  [ntdll.dll+0x485b]


---------------  P R O C E S S  ---------------

Threads class SMR info:
_java_thread_list=0x00000282715d1340, length=0, elements={
}

Java Threads: ( => current thread )

Other Threads:
  0x00000282737d7000 GCTaskThread "GC Thread#0" [stack: 0x000000904a400000,0x000000904a500000] [id=9164]
  0x0000028273807800 ConcurrentGCThread "G1 Main Marker" [stack: 0x000000904a500000,0x000000904a600000] [id=9048]
  0x0000028273809800 ConcurrentGCThread "G1 Conc#0" [stack: 0x000000904a600000,0x000000904a700000] [id=6024]

[error occurred during error reporting (printing all threads), id 0xc0000005, EXCEPTION_ACCESS_VIOLATION (0xc0000005) at pc=0x00007ffcdb410be7]

VM state:not at safepoint (not fully initialized)

VM Mutex/Monitor currently owned by a thread:  ([mutex/lock_event])
[0x00000282737b9780] Heap_lock - owner thread: 0x00000282737bd000

Heap address: 0x0000000082000000, size: 2016 MB, Compressed Oops mode: Non-zero based: 0x0000000082000000
Narrow klass base: 0x0000000000000000, Narrow klass shift: 0

GC Heap History (0 events):
No events

Deoptimization events (0 events):
No events

Classes redefined (0 events):
No events

Internal exceptions (0 events):
No events

Events (1 events):
Event: 0.034 Loaded shared library C:\Program Files\Android\Android Studio\jre\bin\zip.dll


Dynamic libraries:
0x00007ff7473b0000 - 0x00007ff7473ba000 	C:\Program Files\Android\Android Studio\jre\bin\java.exe
0x00007ffd3e720000 - 0x00007ffd3e929000 	C:\Windows\SYSTEM32\ntdll.dll
0x00007ffd3c760000 - 0x00007ffd3c81d000 	C:\Windows\System32\KERNEL32.DLL
0x00007ffd3bc80000 - 0x00007ffd3bffc000 	C:\Windows\System32\KERNELBASE.dll
0x00007ffd3c2a0000 - 0x00007ffd3c3b1000 	C:\Windows\System32\ucrtbase.dll
0x00007ffd1d650000 - 0x00007ffd1d669000 	C:\Program Files\Android\Android Studio\jre\bin\jli.dll
0x00007ffd14cf0000 - 0x00007ffd14d07000 	C:\Program Files\Android\Android Studio\jre\bin\VCRUNTIME140.dll
0x00007ffd3e000000 - 0x00007ffd3e1ad000 	C:\Windows\System32\USER32.dll
0x00007ffd3c4e0000 - 0x00007ffd3c506000 	C:\Windows\System32\win32u.dll
0x00007ffd26970000 - 0x00007ffd26c15000 	C:\Windows\WinSxS\amd64_microsoft.windows.common-controls_6595b64144ccf1df_6.0.22000.120_none_9d947278b86cc467\COMCTL32.dll
0x00007ffd3e210000 - 0x00007ffd3e239000 	C:\Windows\System32\GDI32.dll
0x00007ffd3cac0000 - 0x00007ffd3cb63000 	C:\Windows\System32\msvcrt.dll
0x00007ffd3c3c0000 - 0x00007ffd3c4d9000 	C:\Windows\System32\gdi32full.dll
0x00007ffd3c510000 - 0x00007ffd3c5ad000 	C:\Windows\System32\msvcp_win.dll
0x00007ffd3d6a0000 - 0x00007ffd3d6d1000 	C:\Windows\System32\IMM32.DLL
0x00007ffcf6040000 - 0x00007ffcf60dd000 	C:\Program Files\Android\Android Studio\jre\bin\msvcp140.dll
0x00007ffcdb120000 - 0x00007ffcdbc05000 	C:\Program Files\Android\Android Studio\jre\bin\server\jvm.dll
0x00007ffd3d330000 - 0x00007ffd3d3de000 	C:\Windows\System32\ADVAPI32.dll
0x00007ffd3d3e0000 - 0x00007ffd3d47e000 	C:\Windows\System32\sechost.dll
0x00007ffd3dd40000 - 0x00007ffd3de60000 	C:\Windows\System32\RPCRT4.dll
0x00007ffd3e330000 - 0x00007ffd3e338000 	C:\Windows\System32\PSAPI.DLL
0x00007ffd384d0000 - 0x00007ffd384d9000 	C:\Windows\SYSTEM32\WSOCK32.dll
0x00007ffd3c5c0000 - 0x00007ffd3c62f000 	C:\Windows\System32\WS2_32.dll
0x00007ffd36e00000 - 0x00007ffd36e33000 	C:\Windows\SYSTEM32\WINMM.dll
0x00007ffd34330000 - 0x00007ffd3433a000 	C:\Windows\SYSTEM32\VERSION.dll
0x00007ffd3ada0000 - 0x00007ffd3adb8000 	C:\Windows\SYSTEM32\kernel.appcore.dll
0x00007ffd37190000 - 0x00007ffd371a1000 	C:\Program Files\Android\Android Studio\jre\bin\verify.dll
0x00007ffd27200000 - 0x00007ffd27421000 	C:\Windows\SYSTEM32\DBGHELP.DLL
0x00007ffd27180000 - 0x00007ffd271b1000 	C:\Windows\SYSTEM32\dbgcore.DLL
0x00007ffd3bc00000 - 0x00007ffd3bc7f000 	C:\Windows\System32\bcryptPrimitives.dll
0x00007ffd2d700000 - 0x00007ffd2d729000 	C:\Program Files\Android\Android Studio\jre\bin\java.dll
0x00007ffd37130000 - 0x00007ffd3713b000 	C:\Program Files\Android\Android Studio\jre\bin\jimage.dll
0x00007ffd27b30000 - 0x00007ffd27b48000 	C:\Program Files\Android\Android Studio\jre\bin\zip.dll

dbghelp: loaded successfully - version: 4.0.5 - missing functions: none
symbol engine: initialized successfully - sym options: 0x614 - pdb path: .;C:\Program Files\Android\Android Studio\jre\bin;C:\Windows\SYSTEM32;C:\Windows\WinSxS\amd64_microsoft.windows.common-controls_6595b64144ccf1df_6.0.22000.120_none_9d947278b86cc467;C:\Program Files\Android\Android Studio\jre\bin\server

VM Arguments:
java_command: git4idea.http.GitAskPassApp Username for 'https://github.com': 
java_class_path (initial): C:/Program Files/Android/Android Studio/plugins/git4idea/lib/git4idea-rt.jar;C:/Program Files/Android/Android Studio/lib/xmlrpc-2.0.1.jar;C:/Program Files/Android/Android Studio/lib/commons-codec-1.15.jar
Launcher Type: SUN_STANDARD

[Global flags]
     intx CICompilerCount                          = 3                                         {product} {ergonomic}
     uint ConcGCThreads                            = 1                                         {product} {ergonomic}
     uint G1ConcRefinementThreads                  = 4                                         {product} {ergonomic}
   size_t G1HeapRegionSize                         = 1048576                                   {product} {ergonomic}
    uintx GCDrainStackTargetSize                   = 64                                        {product} {ergonomic}
   size_t InitialHeapSize                          = 132120576                                 {product} {ergonomic}
   size_t MarkStackSize                            = 4194304                                   {product} {ergonomic}
   size_t MaxHeapSize                              = 2113929216                                {product} {ergonomic}
   size_t MinHeapDeltaBytes                        = 1048576                                   {product} {ergonomic}
    uintx NonNMethodCodeHeapSize                   = 5830732                                {pd product} {ergonomic}
    uintx NonProfiledCodeHeapSize                  = 122913754                              {pd product} {ergonomic}
    uintx ProfiledCodeHeapSize                     = 122913754                              {pd product} {ergonomic}
    uintx ReservedCodeCacheSize                    = 251658240                              {pd product} {ergonomic}
     bool SegmentedCodeCache                       = true                                      {product} {ergonomic}
     bool UseCompressedClassPointers               = true                                 {lp64_product} {ergonomic}
     bool UseCompressedOops                        = true                                 {lp64_product} {ergonomic}
     bool UseG1GC                                  = true                                      {product} {ergonomic}
     bool UseLargePagesIndividualAllocation        = false                                  {pd product} {ergonomic}

Logging:
Log output configuration:
 #0: stdout all=warning uptime,level,tags
 #1: stderr all=off uptime,level,tags

Environment Variables:
PATH=C:/Program Files/Git/mingw64/libexec/git-core;C:/Program Files/Git/mingw64/libexec/git-core;C:\Program Files\Git\mingw64\bin;C:\Program Files\Git\usr\bin;C:\Users\av858\bin;C:\Windows\system32;C:\Windows;C:\Windows\System32\Wbem;C:\Windows\System32\WindowsPowerShell\v1.0\;C:\Windows\System32\OpenSSH\;E:\Node\;C:\ProgramData\chocolatey\bin;C:\Program Files\Git\cmd;C:\Users\av858\AppData\Local\Microsoft\WindowsApps;C:\Users\av858\AppData\Local\Programs\Microsoft VS Code\bin;C:\src\flutter\bin;C:\Users\av858\AppData\Roaming\npm
USERNAME=av858
DISPLAY=:0.0
LC_ALL=en_US.UTF-8
OS=Windows_NT
PROCESSOR_IDENTIFIER=Intel64 Family 6 Model 142 Stepping 10, GenuineIntel



---------------  S Y S T E M  ---------------

OS: Windows 10 , 64 bit Build 22000 (10.0.22000.708)
OS uptime: 0 days 7:15 hours
Hyper-V role detected

CPU:total 4 (initial active 4) (2 cores per cpu, 2 threads per core) family 6 model 142 stepping 10 microcode 0xe0, cmov, cx8, fxsr, mmx, sse, sse2, sse3, ssse3, sse4.1, sse4.2, popcnt, avx, avx2, aes, clmul, erms, 3dnowpref, lzcnt, ht, tsc, tscinvbit, bmi1, bmi2, adx, fma

Memory: 4k page, system-wide physical 8056M (373M free)
TotalPageFile size 32632M (AvailPageFile size 12M)
current process WorkingSet (physical memory assigned to process): 10M, peak: 10M
current process commit charge ("private bytes"): 51M, peak: 177M

vm_info: OpenJDK 64-Bit Server VM (11.0.12+7-b1504.28-7817840) for windows-amd64 JRE (11.0.12+7-b1504.28-7817840), built on Oct 13 2021 22:12:33 by "builder" with MS VC++ 14.0 (VS2015)

END.
