#
# There is insufficient memory for the Java Runtime Environment to continue.
# Native memory allocation (mmap) failed to map 32505856 bytes for Failed to commit area from 0x000000008b800000 to 0x000000008d700000 of length 32505856.
# Possible reasons:
#   The system is out of physical RAM or swap space
#   The process is running with CompressedOops enabled, and the Java Heap may be blocking the growth of the native heap
# Possible solutions:
#   Reduce memory load on the system
#   Increase physical memory or swap space
#   Check if swap backing store is full
#   Decrease Java heap size (-Xmx/-Xms)
#   Decrease number of Java threads
#   Decrease Java thread stack sizes (-Xss)
#   Set larger code cache with -XX:ReservedCodeCacheSize=
#   JVM is running with Unscaled Compressed Oops mode in which the Java heap is
#     placed in the first 4GB address space. The Java Heap base address is the
#     maximum limit for the native heap growth. Please use -XX:HeapBaseMinAddress
#     to set the Java Heap base and to place the Java Heap above 4GB virtual address.
# This output file may be truncated or incomplete.
#
#  Out of Memory Error (./src/hotspot/os/windows/os_windows.cpp:3619), pid=3620, tid=6072
#
# JRE version: OpenJDK Runtime Environment (11.0.13) (build 11.0.13+0-b1751.21-8125866)
# Java VM: OpenJDK 64-Bit Server VM (11.0.13+0-b1751.21-8125866, mixed mode, tiered, compressed oops, g1 gc, windows-amd64)
# No core dump will be written. Minidumps are not enabled by default on client versions of Windows
#

---------------  S U M M A R Y ------------

Command Line: org.jetbrains.kotlin.cli.jvm.K2JVMCompiler @D:\Android\Compose_projects\KalidasaGranthavali\app\build\20220916_9662023963837203117.compiler.options

Host: Intel(R) Core(TM) i3-7020U CPU @ 2.30GHz, 4 cores, 7G,  Windows 11 , 64 bit Build 22000 (10.0.22000.708)
Time: Fri Sep 16 01:51:06 2022 India Standard Time elapsed time: 17.159084 seconds (0d 0h 0m 17s)

---------------  T H R E A D  ---------------

Current thread (0x0000018567043800):  VMThread "VM Thread" [stack: 0x000000825ea00000,0x000000825eb00000] [id=6072]

Stack: [0x000000825ea00000,0x000000825eb00000]
[error occurred during error reporting (printing stack bounds), id 0xc0000005, EXCEPTION_ACCESS_VIOLATION (0xc0000005) at pc=0x00000185510a112d]

Native frames: (J=compiled Java code, j=interpreted, Vv=VM code, C=native code)
V  [jvm.dll+0x6100fa]
V  [jvm.dll+0x747090]
V  [jvm.dll+0x7486ad]
V  [jvm.dll+0x748ce5]
V  [jvm.dll+0x748c9b]
V  [jvm.dll+0x60f224]
V  [jvm.dll+0x60f9b8]
C  [ntdll.dll+0xa8b1f]
C  [ntdll.dll+0x35b9a]
C  [ntdll.dll+0xa7b2e]
C  0x00000185510a112d

VM_Operation (0x000000825e4fa600): G1CollectForAllocation, mode: safepoint, requested by thread 0x000001854d57b800


---------------  P R O C E S S  ---------------

Threads class SMR info:
_java_thread_list=0x000001856a9f6e30, length=11, elements={
0x000001854d57b800, 0x0000018567069800, 0x000001856706a800, 0x0000018567088800,
0x0000018567089800, 0x000001856708a800, 0x0000018567096800, 0x000001856709b000,
0x000001856709e000, 0x0000018567b45000, 0x000001856a5a0800
}

Java Threads: ( => current thread )
  0x000001854d57b800 JavaThread "main" [_thread_blocked, id=3844, stack(0x000000825e400000,0x000000825e500000)]
  0x0000018567069800 JavaThread "Reference Handler" daemon [_thread_blocked, id=11188, stack(0x000000825eb00000,0x000000825ec00000)]
  0x000001856706a800 JavaThread "Finalizer" daemon [_thread_blocked, id=4004, stack(0x000000825ec00000,0x000000825ed00000)]
  0x0000018567088800 JavaThread "Signal Dispatcher" daemon [_thread_blocked, id=5092, stack(0x000000825ed00000,0x000000825ee00000)]
  0x0000018567089800 JavaThread "Attach Listener" daemon [_thread_blocked, id=2200, stack(0x000000825ee00000,0x000000825ef00000)]
  0x000001856708a800 JavaThread "Service Thread" daemon [_thread_blocked, id=10808, stack(0x000000825ef00000,0x000000825f000000)]
  0x0000018567096800 JavaThread "C2 CompilerThread0" daemon [_thread_blocked, id=9764, stack(0x000000825f000000,0x000000825f100000)]
  0x000001856709b000 JavaThread "C1 CompilerThread0" daemon [_thread_blocked, id=4756, stack(0x000000825f100000,0x000000825f200000)]
  0x000001856709e000 JavaThread "Sweeper thread" daemon [_thread_blocked, id=944, stack(0x000000825f200000,0x000000825f300000)]
  0x0000018567b45000 JavaThread "Common-Cleaner" daemon [_thread_blocked, id=9512, stack(0x000000825f400000,0x000000825f500000)]
  0x000001856a5a0800 JavaThread "C2 CompilerThread1" daemon [_thread_blocked, id=8268, stack(0x000000825f500000,0x000000825f600000)]

Other Threads:
=>0x0000018567043800 VMThread "VM Thread" [stack: 0x000000825ea00000,0x000000825eb00000] [id=6072]
  0x0000018567b3a000 WatcherThread [stack: 0x000000825f300000,0x000000825f400000] [id=5232]
  0x000001854d594000 GCTaskThread "GC Thread#0" [stack: 0x000000825e500000,0x000000825e600000] [id=8536]
  0x0000018567e75800 GCTaskThread "GC Thread#1" [stack: 0x000000825f600000,0x000000825f700000] [id=7472]
  0x0000018567f17800 GCTaskThread "GC Thread#2" [stack: 0x000000825f700000,0x000000825f800000] [id=2772]
  0x000001854d5c5800 ConcurrentGCThread "G1 Main Marker" [stack: 0x000000825e600000,0x000000825e700000] [id=9472]
  0x000001854d5c8800 ConcurrentGCThread "G1 Conc#0" [stack: 0x000000825e700000,0x000000825e800000] [id=1064]
  0x000001854d65b000 ConcurrentGCThread "G1 Refine#0" [stack: 0x000000825e800000,0x000000825e900000] [id=8636]
  0x000001854d65e000 ConcurrentGCThread "G1 Young RemSet Sampling" [stack: 0x000000825e900000,0x000000825ea00000] [id=2452]

Threads with active compile tasks:
C2 CompilerThread0  17194 8994       4       jdk.internal.loader.Resource::getByteBuffer (24 bytes)
C2 CompilerThread1  17194 9031       4       org.jetbrains.kotlin.lexer._JetLexer::advance (2242 bytes)

VM state:at safepoint (normal execution)

VM Mutex/Monitor currently owned by a thread:  ([mutex/lock_event])
[0x000001854d578cb0] Threads_lock - owner thread: 0x0000018567043800
[0x000001854d579130] Heap_lock - owner thread: 0x000001854d57b800

Heap address: 0x0000000082000000, size: 2016 MB, Compressed Oops mode: 32-bit
Narrow klass base: 0x0000000000000000, Narrow klass shift: 3
Compressed class space size: 1073741824 Address: 0x0000000100000000

Heap:
 garbage-first heap   total 187392K, used 61909K [0x0000000082000000, 0x0000000100000000)
  region size 1024K, 9 young (9216K), 9 survivors (9216K)
 Metaspace       used 63529K, capacity 64291K, committed 64592K, reserved 1105920K
  class space    used 7076K, capacity 7378K, committed 7424K, reserved 1048576K
Heap Regions: E=young(eden), S=young(survivor), O=old, HS=humongous(starts), HC=humongous(continues), CS=collection set, F=free, A=archive, TAMS=top-at-mark-start (previous, next)
|   0|0x0000000082000000, 0x0000000082100000, 0x0000000082100000|100%|HS|  |TAMS 0x0000000082100000, 0x0000000082000000| Complete 
|   1|0x0000000082100000, 0x0000000082200000, 0x0000000082200000|100%|HC|  |TAMS 0x0000000082200000, 0x0000000082100000| Complete 
|   2|0x0000000082200000, 0x0000000082300000, 0x0000000082300000|100%|HC|  |TAMS 0x0000000082300000, 0x0000000082200000| Complete 
|   3|0x0000000082300000, 0x0000000082400000, 0x0000000082400000|100%| O|  |TAMS 0x0000000082400000, 0x0000000082300000| Untracked 
|   4|0x0000000082400000, 0x0000000082500000, 0x0000000082500000|100%| O|  |TAMS 0x0000000082500000, 0x0000000082400000| Untracked 
|   5|0x0000000082500000, 0x0000000082600000, 0x0000000082600000|100%|HS|  |TAMS 0x0000000082600000, 0x0000000082500000| Complete 
|   6|0x0000000082600000, 0x0000000082700000, 0x0000000082700000|100%|HC|  |TAMS 0x0000000082700000, 0x0000000082600000| Complete 
|   7|0x0000000082700000, 0x0000000082800000, 0x0000000082800000|100%|HC|  |TAMS 0x0000000082800000, 0x0000000082700000| Complete 
|   8|0x0000000082800000, 0x0000000082900000, 0x0000000082900000|100%| O|  |TAMS 0x0000000082900000, 0x0000000082800000| Untracked 
|   9|0x0000000082900000, 0x0000000082a00000, 0x0000000082a00000|100%| O|  |TAMS 0x0000000082a00000, 0x0000000082900000| Untracked 
|  10|0x0000000082a00000, 0x0000000082b00000, 0x0000000082b00000|100%| O|  |TAMS 0x0000000082b00000, 0x0000000082a00000| Untracked 
|  11|0x0000000082b00000, 0x0000000082c00000, 0x0000000082c00000|100%| O|  |TAMS 0x0000000082c00000, 0x0000000082b00000| Untracked 
|  12|0x0000000082c00000, 0x0000000082d00000, 0x0000000082d00000|100%| O|  |TAMS 0x0000000082d00000, 0x0000000082c00000| Untracked 
|  13|0x0000000082d00000, 0x0000000082e00000, 0x0000000082e00000|100%|HS|  |TAMS 0x0000000082e00000, 0x0000000082d00000| Complete 
|  14|0x0000000082e00000, 0x0000000082f00000, 0x0000000082f00000|100%|HC|  |TAMS 0x0000000082f00000, 0x0000000082e00000| Complete 
|  15|0x0000000082f00000, 0x0000000083000000, 0x0000000083000000|100%| O|  |TAMS 0x0000000083000000, 0x0000000082f00000| Untracked 
|  16|0x0000000083000000, 0x0000000083100000, 0x0000000083100000|100%| O|  |TAMS 0x0000000083100000, 0x0000000083000000| Untracked 
|  17|0x0000000083100000, 0x0000000083200000, 0x0000000083200000|100%| O|  |TAMS 0x0000000083200000, 0x0000000083100000| Untracked 
|  18|0x0000000083200000, 0x0000000083300000, 0x0000000083300000|100%| O|  |TAMS 0x0000000083300000, 0x0000000083200000| Untracked 
|  19|0x0000000083300000, 0x0000000083400000, 0x0000000083400000|100%| O|  |TAMS 0x0000000083400000, 0x0000000083300000| Untracked 
|  20|0x0000000083400000, 0x0000000083500000, 0x0000000083500000|100%| O|  |TAMS 0x0000000083500000, 0x0000000083400000| Untracked 
|  21|0x0000000083500000, 0x0000000083600000, 0x0000000083600000|100%| O|  |TAMS 0x0000000083600000, 0x0000000083500000| Untracked 
|  22|0x0000000083600000, 0x0000000083700000, 0x0000000083700000|100%| O|  |TAMS 0x0000000083700000, 0x0000000083600000| Untracked 
|  23|0x0000000083700000, 0x0000000083800000, 0x0000000083800000|100%| O|  |TAMS 0x0000000083800000, 0x0000000083700000| Untracked 
|  24|0x0000000083800000, 0x0000000083900000, 0x0000000083900000|100%| O|  |TAMS 0x0000000083900000, 0x0000000083800000| Untracked 
|  25|0x0000000083900000, 0x0000000083a00000, 0x0000000083a00000|100%| O|  |TAMS 0x0000000083a00000, 0x0000000083900000| Untracked 
|  26|0x0000000083a00000, 0x0000000083b00000, 0x0000000083b00000|100%| O|  |TAMS 0x0000000083b00000, 0x0000000083a00000| Untracked 
|  27|0x0000000083b00000, 0x0000000083c00000, 0x0000000083c00000|100%| O|  |TAMS 0x0000000083c00000, 0x0000000083b00000| Untracked 
|  28|0x0000000083c00000, 0x0000000083d00000, 0x0000000083d00000|100%| O|  |TAMS 0x0000000083d00000, 0x0000000083c00000| Untracked 
|  29|0x0000000083d00000, 0x0000000083e00000, 0x0000000083e00000|100%| O|  |TAMS 0x0000000083e00000, 0x0000000083d00000| Untracked 
|  30|0x0000000083e00000, 0x0000000083f00000, 0x0000000083f00000|100%| O|  |TAMS 0x0000000083f00000, 0x0000000083e00000| Untracked 
|  31|0x0000000083f00000, 0x0000000084000000, 0x0000000084000000|100%| O|  |TAMS 0x0000000084000000, 0x0000000083f00000| Untracked 
|  32|0x0000000084000000, 0x0000000084100000, 0x0000000084100000|100%| O|  |TAMS 0x0000000084100000, 0x0000000084000000| Untracked 
|  33|0x0000000084100000, 0x0000000084200000, 0x0000000084200000|100%| O|  |TAMS 0x0000000084200000, 0x0000000084100000| Untracked 
|  34|0x0000000084200000, 0x0000000084300000, 0x0000000084300000|100%| O|  |TAMS 0x0000000084300000, 0x0000000084200000| Untracked 
|  35|0x0000000084300000, 0x0000000084400000, 0x0000000084400000|100%| O|  |TAMS 0x0000000084400000, 0x0000000084300000| Untracked 
|  36|0x0000000084400000, 0x0000000084500000, 0x0000000084500000|100%| O|  |TAMS 0x0000000084500000, 0x0000000084400000| Untracked 
|  37|0x0000000084500000, 0x0000000084600000, 0x0000000084600000|100%| O|  |TAMS 0x0000000084600000, 0x0000000084500000| Untracked 
|  38|0x0000000084600000, 0x0000000084700000, 0x0000000084700000|100%| O|  |TAMS 0x0000000084700000, 0x0000000084600000| Untracked 
|  39|0x0000000084700000, 0x0000000084800000, 0x0000000084800000|100%| O|  |TAMS 0x0000000084800000, 0x0000000084700000| Untracked 
|  40|0x0000000084800000, 0x0000000084900000, 0x0000000084900000|100%| O|  |TAMS 0x0000000084900000, 0x0000000084800000| Untracked 
|  41|0x0000000084900000, 0x0000000084a00000, 0x0000000084a00000|100%| O|  |TAMS 0x0000000084a00000, 0x0000000084900000| Untracked 
|  42|0x0000000084a00000, 0x0000000084b00000, 0x0000000084b00000|100%| O|  |TAMS 0x0000000084b00000, 0x0000000084a00000| Untracked 
|  43|0x0000000084b00000, 0x0000000084c00000, 0x0000000084c00000|100%| O|  |TAMS 0x0000000084c00000, 0x0000000084b00000| Untracked 
|  44|0x0000000084c00000, 0x0000000084d00000, 0x0000000084d00000|100%| O|  |TAMS 0x0000000084c00000, 0x0000000084c00000| Untracked 
|  45|0x0000000084d00000, 0x0000000084e00000, 0x0000000084e00000|100%| O|  |TAMS 0x0000000084d00000, 0x0000000084d00000| Untracked 
|  46|0x0000000084e00000, 0x0000000084f00000, 0x0000000084f00000|100%| O|  |TAMS 0x0000000084e00000, 0x0000000084e00000| Untracked 
|  47|0x0000000084f00000, 0x0000000085000000, 0x0000000085000000|100%| O|  |TAMS 0x0000000084f00000, 0x0000000084f00000| Untracked 
|  48|0x0000000085000000, 0x0000000085100000, 0x0000000085100000|100%| O|  |TAMS 0x0000000085000000, 0x0000000085000000| Untracked 
|  49|0x0000000085100000, 0x0000000085200000, 0x0000000085200000|100%| O|  |TAMS 0x0000000085100000, 0x0000000085100000| Untracked 
|  50|0x0000000085200000, 0x0000000085300000, 0x0000000085300000|100%| O|  |TAMS 0x0000000085200000, 0x0000000085200000| Untracked 
|  51|0x0000000085300000, 0x0000000085380000, 0x0000000085400000| 50%| O|  |TAMS 0x0000000085300000, 0x0000000085300000| Untracked 
|  52|0x0000000085400000, 0x0000000085400000, 0x0000000085500000|  0%| F|  |TAMS 0x0000000085400000, 0x0000000085400000| Untracked 
|  53|0x0000000085500000, 0x0000000085500000, 0x0000000085600000|  0%| F|  |TAMS 0x0000000085500000, 0x0000000085500000| Untracked 
|  54|0x0000000085600000, 0x0000000085600000, 0x0000000085700000|  0%| F|  |TAMS 0x0000000085600000, 0x0000000085600000| Untracked 
|  55|0x0000000085700000, 0x0000000085700000, 0x0000000085800000|  0%| F|  |TAMS 0x0000000085700000, 0x0000000085700000| Untracked 
|  56|0x0000000085800000, 0x0000000085800000, 0x0000000085900000|  0%| F|  |TAMS 0x0000000085800000, 0x0000000085800000| Untracked 
|  57|0x0000000085900000, 0x0000000085900000, 0x0000000085a00000|  0%| F|  |TAMS 0x0000000085900000, 0x0000000085900000| Untracked 
|  58|0x0000000085a00000, 0x0000000085a00000, 0x0000000085b00000|  0%| F|  |TAMS 0x0000000085a00000, 0x0000000085a00000| Untracked 
|  59|0x0000000085b00000, 0x0000000085b00000, 0x0000000085c00000|  0%| F|  |TAMS 0x0000000085b00000, 0x0000000085b00000| Untracked 
|  60|0x0000000085c00000, 0x0000000085c00000, 0x0000000085d00000|  0%| F|  |TAMS 0x0000000085c00000, 0x0000000085c00000| Untracked 
|  61|0x0000000085d00000, 0x0000000085d00000, 0x0000000085e00000|  0%| F|  |TAMS 0x0000000085d00000, 0x0000000085d00000| Untracked 
|  62|0x0000000085e00000, 0x0000000085e00000, 0x0000000085f00000|  0%| F|  |TAMS 0x0000000085e00000, 0x0000000085e00000| Untracked 
|  63|0x0000000085f00000, 0x0000000085f00000, 0x0000000086000000|  0%| F|  |TAMS 0x0000000085f00000, 0x0000000085f00000| Untracked 
|  64|0x0000000086000000, 0x0000000086000000, 0x0000000086100000|  0%| F|  |TAMS 0x0000000086000000, 0x0000000086000000| Untracked 
|  65|0x0000000086100000, 0x0000000086100000, 0x0000000086200000|  0%| F|  |TAMS 0x0000000086100000, 0x0000000086100000| Untracked 
|  66|0x0000000086200000, 0x0000000086200000, 0x0000000086300000|  0%| F|  |TAMS 0x0000000086200000, 0x0000000086200000| Untracked 
|  67|0x0000000086300000, 0x0000000086300000, 0x0000000086400000|  0%| F|  |TAMS 0x0000000086300000, 0x0000000086300000| Untracked 
|  68|0x0000000086400000, 0x0000000086400000, 0x0000000086500000|  0%| F|  |TAMS 0x0000000086400000, 0x0000000086400000| Untracked 
|  69|0x0000000086500000, 0x0000000086500000, 0x0000000086600000|  0%| F|  |TAMS 0x0000000086500000, 0x0000000086500000| Untracked 
|  70|0x0000000086600000, 0x0000000086600000, 0x0000000086700000|  0%| F|  |TAMS 0x0000000086600000, 0x0000000086600000| Untracked 
|  71|0x0000000086700000, 0x0000000086700000, 0x0000000086800000|  0%| F|  |TAMS 0x0000000086700000, 0x0000000086700000| Untracked 
|  72|0x0000000086800000, 0x0000000086800000, 0x0000000086900000|  0%| F|  |TAMS 0x0000000086800000, 0x0000000086800000| Untracked 
|  73|0x0000000086900000, 0x0000000086900000, 0x0000000086a00000|  0%| F|  |TAMS 0x0000000086900000, 0x0000000086900000| Untracked 
|  74|0x0000000086a00000, 0x0000000086a00000, 0x0000000086b00000|  0%| F|  |TAMS 0x0000000086a00000, 0x0000000086a00000| Untracked 
|  75|0x0000000086b00000, 0x0000000086b00000, 0x0000000086c00000|  0%| F|  |TAMS 0x0000000086b00000, 0x0000000086b00000| Untracked 
|  76|0x0000000086c00000, 0x0000000086c00000, 0x0000000086d00000|  0%| F|  |TAMS 0x0000000086c00000, 0x0000000086c00000| Untracked 
|  77|0x0000000086d00000, 0x0000000086df54a0, 0x0000000086e00000| 95%| S|CS|TAMS 0x0000000086d00000, 0x0000000086d00000| Complete 
|  78|0x0000000086e00000, 0x0000000086f00000, 0x0000000086f00000|100%| S|CS|TAMS 0x0000000086e00000, 0x0000000086e00000| Complete 
|  79|0x0000000086f00000, 0x0000000087000000, 0x0000000087000000|100%| S|CS|TAMS 0x0000000086f00000, 0x0000000086f00000| Complete 
|  80|0x0000000087000000, 0x0000000087100000, 0x0000000087100000|100%| S|CS|TAMS 0x0000000087000000, 0x0000000087000000| Complete 
|  81|0x0000000087100000, 0x0000000087200000, 0x0000000087200000|100%| S|CS|TAMS 0x0000000087100000, 0x0000000087100000| Complete 
|  82|0x0000000087200000, 0x0000000087300000, 0x0000000087300000|100%| S|CS|TAMS 0x0000000087200000, 0x0000000087200000| Complete 
|  83|0x0000000087300000, 0x0000000087400000, 0x0000000087400000|100%| S|CS|TAMS 0x0000000087300000, 0x0000000087300000| Complete 
|  84|0x0000000087400000, 0x0000000087500000, 0x0000000087500000|100%| S|CS|TAMS 0x0000000087400000, 0x0000000087400000| Complete 
|  85|0x0000000087500000, 0x0000000087500000, 0x0000000087600000|  0%| F|  |TAMS 0x0000000087500000, 0x0000000087500000| Untracked 
|  86|0x0000000087600000, 0x0000000087600000, 0x0000000087700000|  0%| F|  |TAMS 0x0000000087600000, 0x0000000087600000| Untracked 
|  87|0x0000000087700000, 0x0000000087700000, 0x0000000087800000|  0%| F|  |TAMS 0x0000000087700000, 0x0000000087700000| Untracked 
|  88|0x0000000087800000, 0x0000000087800000, 0x0000000087900000|  0%| F|  |TAMS 0x0000000087800000, 0x0000000087800000| Untracked 
|  89|0x0000000087900000, 0x0000000087900000, 0x0000000087a00000|  0%| F|  |TAMS 0x0000000087900000, 0x0000000087900000| Untracked 
|  90|0x0000000087a00000, 0x0000000087a00000, 0x0000000087b00000|  0%| F|  |TAMS 0x0000000087a00000, 0x0000000087a00000| Untracked 
|  91|0x0000000087b00000, 0x0000000087b00000, 0x0000000087c00000|  0%| F|  |TAMS 0x0000000087b00000, 0x0000000087b00000| Untracked 
|  92|0x0000000087c00000, 0x0000000087c00000, 0x0000000087d00000|  0%| F|  |TAMS 0x0000000087c00000, 0x0000000087c00000| Untracked 
|  93|0x0000000087d00000, 0x0000000087e00000, 0x0000000087e00000|100%| S|CS|TAMS 0x0000000087d00000, 0x0000000087d00000| Complete 
|  94|0x0000000087e00000, 0x0000000087e00000, 0x0000000087f00000|  0%| F|  |TAMS 0x0000000087e00000, 0x0000000087e00000| Untracked 
|  95|0x0000000087f00000, 0x0000000087f00000, 0x0000000088000000|  0%| F|  |TAMS 0x0000000087f00000, 0x0000000087f00000| Untracked 
|  96|0x0000000088000000, 0x0000000088000000, 0x0000000088100000|  0%| F|  |TAMS 0x0000000088000000, 0x0000000088000000| Untracked 
|  97|0x0000000088100000, 0x0000000088100000, 0x0000000088200000|  0%| F|  |TAMS 0x0000000088100000, 0x0000000088100000| Untracked 
|  98|0x0000000088200000, 0x0000000088200000, 0x0000000088300000|  0%| F|  |TAMS 0x0000000088200000, 0x0000000088200000| Untracked 
|  99|0x0000000088300000, 0x0000000088300000, 0x0000000088400000|  0%| F|  |TAMS 0x0000000088300000, 0x0000000088300000| Untracked 
| 100|0x0000000088400000, 0x0000000088400000, 0x0000000088500000|  0%| F|  |TAMS 0x0000000088400000, 0x0000000088400000| Untracked 
| 101|0x0000000088500000, 0x0000000088500000, 0x0000000088600000|  0%| F|  |TAMS 0x0000000088500000, 0x0000000088500000| Untracked 
| 102|0x0000000088600000, 0x0000000088600000, 0x0000000088700000|  0%| F|  |TAMS 0x0000000088600000, 0x0000000088600000| Untracked 
| 103|0x0000000088700000, 0x0000000088700000, 0x0000000088800000|  0%| F|  |TAMS 0x0000000088700000, 0x0000000088700000| Untracked 
| 104|0x0000000088800000, 0x0000000088800000, 0x0000000088900000|  0%| F|  |TAMS 0x0000000088800000, 0x0000000088800000| Untracked 
| 105|0x0000000088900000, 0x0000000088900000, 0x0000000088a00000|  0%| F|  |TAMS 0x0000000088900000, 0x0000000088900000| Untracked 
| 106|0x0000000088a00000, 0x0000000088a00000, 0x0000000088b00000|  0%| F|  |TAMS 0x0000000088a00000, 0x0000000088a00000| Untracked 
| 107|0x0000000088b00000, 0x0000000088b00000, 0x0000000088c00000|  0%| F|  |TAMS 0x0000000088b00000, 0x0000000088b00000| Untracked 
| 108|0x0000000088c00000, 0x0000000088c00000, 0x0000000088d00000|  0%| F|  |TAMS 0x0000000088c00000, 0x0000000088c00000| Untracked 
| 109|0x0000000088d00000, 0x0000000088d00000, 0x0000000088e00000|  0%| F|  |TAMS 0x0000000088d00000, 0x0000000088d00000| Untracked 
| 110|0x0000000088e00000, 0x0000000088e00000, 0x0000000088f00000|  0%| F|  |TAMS 0x0000000088e00000, 0x0000000088e00000| Untracked 
| 111|0x0000000088f00000, 0x0000000088f00000, 0x0000000089000000|  0%| F|  |TAMS 0x0000000088f00000, 0x0000000088f00000| Untracked 
| 112|0x0000000089000000, 0x0000000089000000, 0x0000000089100000|  0%| F|  |TAMS 0x0000000089000000, 0x0000000089000000| Untracked 
| 113|0x0000000089100000, 0x0000000089100000, 0x0000000089200000|  0%| F|  |TAMS 0x0000000089100000, 0x0000000089100000| Untracked 
| 114|0x0000000089200000, 0x0000000089200000, 0x0000000089300000|  0%| F|  |TAMS 0x0000000089200000, 0x0000000089200000| Untracked 
| 115|0x0000000089300000, 0x0000000089300000, 0x0000000089400000|  0%| F|  |TAMS 0x0000000089300000, 0x0000000089300000| Untracked 
| 116|0x0000000089400000, 0x0000000089400000, 0x0000000089500000|  0%| F|  |TAMS 0x0000000089400000, 0x0000000089400000| Untracked 
| 117|0x0000000089500000, 0x0000000089500000, 0x0000000089600000|  0%| F|  |TAMS 0x0000000089500000, 0x0000000089500000| Untracked 
| 118|0x0000000089600000, 0x0000000089600000, 0x0000000089700000|  0%| F|  |TAMS 0x0000000089600000, 0x0000000089600000| Untracked 
| 119|0x0000000089700000, 0x0000000089700000, 0x0000000089800000|  0%| F|  |TAMS 0x0000000089700000, 0x0000000089700000| Untracked 
| 120|0x0000000089800000, 0x0000000089800000, 0x0000000089900000|  0%| F|  |TAMS 0x0000000089800000, 0x0000000089800000| Untracked 
| 121|0x0000000089900000, 0x0000000089900000, 0x0000000089a00000|  0%| F|  |TAMS 0x0000000089900000, 0x0000000089900000| Untracked 
| 122|0x0000000089a00000, 0x0000000089a00000, 0x0000000089b00000|  0%| F|  |TAMS 0x0000000089a00000, 0x0000000089a00000| Untracked 
| 123|0x0000000089b00000, 0x0000000089b00000, 0x0000000089c00000|  0%| F|  |TAMS 0x0000000089b00000, 0x0000000089b00000| Untracked 
| 124|0x0000000089c00000, 0x0000000089c00000, 0x0000000089d00000|  0%| F|  |TAMS 0x0000000089c00000, 0x0000000089c00000| Untracked 
| 125|0x0000000089d00000, 0x0000000089d00000, 0x0000000089e00000|  0%| F|  |TAMS 0x0000000089d00000, 0x0000000089d00000| Untracked 
| 126|0x0000000089e00000, 0x0000000089e00000, 0x0000000089f00000|  0%| F|  |TAMS 0x0000000089e00000, 0x0000000089e00000| Untracked 
| 127|0x0000000089f00000, 0x0000000089f00000, 0x000000008a000000|  0%| F|  |TAMS 0x0000000089f00000, 0x0000000089f00000| Untracked 
| 128|0x000000008a000000, 0x000000008a000000, 0x000000008a100000|  0%| F|  |TAMS 0x000000008a000000, 0x000000008a000000| Untracked 
| 129|0x000000008a100000, 0x000000008a100000, 0x000000008a200000|  0%| F|  |TAMS 0x000000008a100000, 0x000000008a100000| Untracked 
| 130|0x000000008a200000, 0x000000008a200000, 0x000000008a300000|  0%| F|  |TAMS 0x000000008a200000, 0x000000008a200000| Untracked 
| 131|0x000000008a300000, 0x000000008a300000, 0x000000008a400000|  0%| F|  |TAMS 0x000000008a300000, 0x000000008a300000| Untracked 
| 132|0x000000008a400000, 0x000000008a400000, 0x000000008a500000|  0%| F|  |TAMS 0x000000008a400000, 0x000000008a400000| Untracked 
| 133|0x000000008a500000, 0x000000008a500000, 0x000000008a600000|  0%| F|  |TAMS 0x000000008a500000, 0x000000008a500000| Untracked 
| 134|0x000000008a600000, 0x000000008a600000, 0x000000008a700000|  0%| F|  |TAMS 0x000000008a600000, 0x000000008a600000| Untracked 
| 135|0x000000008a700000, 0x000000008a700000, 0x000000008a800000|  0%| F|  |TAMS 0x000000008a700000, 0x000000008a700000| Untracked 
| 136|0x000000008a800000, 0x000000008a800000, 0x000000008a900000|  0%| F|  |TAMS 0x000000008a800000, 0x000000008a800000| Untracked 
| 137|0x000000008a900000, 0x000000008a900000, 0x000000008aa00000|  0%| F|  |TAMS 0x000000008a900000, 0x000000008a900000| Untracked 
| 138|0x000000008aa00000, 0x000000008aa00000, 0x000000008ab00000|  0%| F|  |TAMS 0x000000008aa00000, 0x000000008aa00000| Untracked 
| 139|0x000000008ab00000, 0x000000008ab00000, 0x000000008ac00000|  0%| F|  |TAMS 0x000000008ab00000, 0x000000008ab00000| Untracked 
| 140|0x000000008ac00000, 0x000000008ac00000, 0x000000008ad00000|  0%| F|  |TAMS 0x000000008ac00000, 0x000000008ac00000| Untracked 
| 141|0x000000008ad00000, 0x000000008ad00000, 0x000000008ae00000|  0%| F|  |TAMS 0x000000008ad00000, 0x000000008ad00000| Untracked 
| 142|0x000000008ae00000, 0x000000008ae00000, 0x000000008af00000|  0%| F|  |TAMS 0x000000008ae00000, 0x000000008ae00000| Untracked 
| 143|0x000000008af00000, 0x000000008af00000, 0x000000008b000000|  0%| F|  |TAMS 0x000000008af00000, 0x000000008af00000| Untracked 
| 144|0x000000008b000000, 0x000000008b000000, 0x000000008b100000|  0%| F|  |TAMS 0x000000008b000000, 0x000000008b000000| Untracked 
| 145|0x000000008b100000, 0x000000008b100000, 0x000000008b200000|  0%| F|  |TAMS 0x000000008b100000, 0x000000008b100000| Untracked 
| 146|0x000000008b200000, 0x000000008b200000, 0x000000008b300000|  0%| F|  |TAMS 0x000000008b200000, 0x000000008b200000| Untracked 
| 147|0x000000008b300000, 0x000000008b300000, 0x000000008b400000|  0%| F|  |TAMS 0x000000008b300000, 0x000000008b300000| Untracked 
| 148|0x000000008b400000, 0x000000008b400000, 0x000000008b500000|  0%| F|  |TAMS 0x000000008b400000, 0x000000008b400000| Untracked 
| 149|0x000000008b500000, 0x000000008b500000, 0x000000008b600000|  0%| F|  |TAMS 0x000000008b500000, 0x000000008b500000| Untracked 
| 150|0x000000008b600000, 0x000000008b600000, 0x000000008b700000|  0%| F|  |TAMS 0x000000008b600000, 0x000000008b600000| Untracked 
| 151|0x000000008b700000, 0x000000008b700000, 0x000000008b800000|  0%| F|  |TAMS 0x000000008b700000, 0x000000008b700000| Untracked 

Card table byte_map: [0x0000018560490000,0x0000018560880000] _byte_map_base: 0x0000018560080000

Marking Bits (Prev, Next): (CMBitMap*) 0x000001854d5bcb10, (CMBitMap*) 0x000001854d5bcad8
 Prev Bits: [0x0000018562bf0000, 0x0000018564b70000)
 Next Bits: [0x0000018560c70000, 0x0000018562bf0000)

Polling page: 0x000001854b520000

Metaspace:

Usage:
  Non-class:     55.58 MB capacity,    55.13 MB (>99%) used,   357.07 KB ( <1%) free+waste,   102.63 KB ( <1%) overhead. 
      Class:      7.21 MB capacity,     6.91 MB ( 96%) used,   256.61 KB (  3%) free+waste,    44.81 KB ( <1%) overhead. 
       Both:     62.78 MB capacity,    62.04 MB ( 99%) used,   613.68 KB ( <1%) free+waste,   147.44 KB ( <1%) overhead. 

Virtual space:
  Non-class space:       56.00 MB reserved,      55.83 MB (>99%) committed 
      Class space:        1.00 GB reserved,       7.25 MB ( <1%) committed 
             Both:        1.05 GB reserved,      63.08 MB (  6%) committed 

Chunk freelists:
   Non-Class:  0 bytes
       Class:  14.00 KB
        Both:  14.00 KB

MaxMetaspaceSize: 17179869184.00 GB
CompressedClassSpaceSize: 1.00 GB
Initial GC threshold: 20.80 MB
Current GC threshold: 98.46 MB
CDS: off

CodeHeap 'non-profiled nmethods': size=120064Kb used=4109Kb max_used=4109Kb free=115954Kb
 bounds [0x0000018558b60000, 0x0000018558f70000, 0x00000185600a0000]
CodeHeap 'profiled nmethods': size=120000Kb used=23483Kb max_used=23483Kb free=96516Kb
 bounds [0x0000018551630000, 0x0000018552d20000, 0x0000018558b60000]
CodeHeap 'non-nmethods': size=5696Kb used=1301Kb max_used=1355Kb free=4394Kb
 bounds [0x00000185510a0000, 0x0000018551310000, 0x0000018551630000]
 total_blobs=9540 nmethods=8950 adapters=500
 compilation: enabled
              stopped_count=0, restarted_count=0
 full_count=0

Compilation events (20 events):
Event: 17.094 Thread 0x000001856709b000 9053   !   3       org.jetbrains.kotlin.KtNodeType::createPsi (71 bytes)
Event: 17.096 Thread 0x000001856709b000 nmethod 9053 0x0000018552d19c90 code [0x0000018552d19f60, 0x0000018552d1ad68]
Event: 17.096 Thread 0x000001856709b000 9054       3       org.jetbrains.kotlin.com.intellij.extapi.psi.ASTWrapperPsiElement::<init> (18 bytes)
Event: 17.097 Thread 0x000001856709b000 nmethod 9054 0x0000018552d1b390 code [0x0000018552d1b580, 0x0000018552d1b9a8]
Event: 17.097 Thread 0x000001856709b000 9055       3       org.jetbrains.kotlin.psi.KtExpressionImpl::<init> (12 bytes)
Event: 17.099 Thread 0x000001856709b000 nmethod 9055 0x0000018552d1bb10 code [0x0000018552d1bda0, 0x0000018552d1c778]
Event: 17.100 Thread 0x000001856709b000 9057       2       org.jetbrains.kotlin.psi.KtTypeReference::accept (13 bytes)
Event: 17.101 Thread 0x000001856709b000 nmethod 9057 0x0000018552d1cb10 code [0x0000018552d1cd00, 0x0000018552d1cfc8]
Event: 17.101 Thread 0x000001856709b000 9058       2       org.jetbrains.kotlin.psi.KtVisitor::visitTypeReference (16 bytes)
Event: 17.101 Thread 0x000001856709b000 nmethod 9058 0x0000018552d1d190 code [0x0000018552d1d360, 0x0000018552d1d4b8]
Event: 17.101 Thread 0x000001856709b000 9059       2       org.jetbrains.kotlin.psi.KtVisitor::visitUserType (16 bytes)
Event: 17.102 Thread 0x000001856709b000 nmethod 9059 0x0000018552d1d590 code [0x0000018552d1d760, 0x0000018552d1d908]
Event: 17.102 Thread 0x000001856709b000 9060       2       org.jetbrains.kotlin.psi.KtVisitorVoid::visitTypeReference (10 bytes)
Event: 17.103 Thread 0x000001856709b000 nmethod 9060 0x0000018552d1da10 code [0x0000018552d1dc00, 0x0000018552d1de48]
Event: 17.103 Thread 0x000001856709b000 9061       2       org.jetbrains.kotlin.psi.KtVisitorVoid::visitTypeReference (17 bytes)
Event: 17.104 Thread 0x000001856709b000 nmethod 9061 0x0000018552d1e010 code [0x0000018552d1e200, 0x0000018552d1e408]
Event: 17.105 Thread 0x000001856709b000 9062       2       org.jetbrains.org.objectweb.asm.Type::<init> (26 bytes)
Event: 17.105 Thread 0x000001856709b000 nmethod 9062 0x0000018552d1e590 code [0x0000018552d1e740, 0x0000018552d1e898]
Event: 17.105 Thread 0x000001856709b000 9063       2       org.jetbrains.kotlin.psi.KtSuperTypeCallEntry::getCalleeExpression (5 bytes)
Event: 17.106 Thread 0x000001856709b000 nmethod 9063 0x0000018552d1e910 code [0x0000018552d1eae0, 0x0000018552d1ec78]

GC Heap History (17 events):
Event: 0.736 GC heap before
{Heap before GC invocations=0 (full 0):
 garbage-first heap   total 129024K, used 17408K [0x0000000082000000, 0x0000000100000000)
  region size 1024K, 14 young (14336K), 0 survivors (0K)
 Metaspace       used 9692K, capacity 9775K, committed 9856K, reserved 1058816K
  class space    used 808K, capacity 852K, committed 896K, reserved 1048576K
}
Event: 0.741 GC heap after
{Heap after GC invocations=1 (full 0):
 garbage-first heap   total 129024K, used 5419K [0x0000000082000000, 0x0000000100000000)
  region size 1024K, 2 young (2048K), 2 survivors (2048K)
 Metaspace       used 9692K, capacity 9775K, committed 9856K, reserved 1058816K
  class space    used 808K, capacity 852K, committed 896K, reserved 1048576K
}
Event: 2.252 GC heap before
{Heap before GC invocations=1 (full 0):
 garbage-first heap   total 129024K, used 53547K [0x0000000082000000, 0x0000000100000000)
  region size 1024K, 50 young (51200K), 2 survivors (2048K)
 Metaspace       used 20893K, capacity 21122K, committed 21296K, reserved 1069056K
  class space    used 2245K, capacity 2340K, committed 2432K, reserved 1048576K
}
Event: 2.268 GC heap after
{Heap after GC invocations=2 (full 0):
 garbage-first heap   total 129024K, used 9827K [0x0000000082000000, 0x0000000100000000)
  region size 1024K, 7 young (7168K), 7 survivors (7168K)
 Metaspace       used 20893K, capacity 21122K, committed 21296K, reserved 1069056K
  class space    used 2245K, capacity 2340K, committed 2432K, reserved 1048576K
}
Event: 3.785 GC heap before
{Heap before GC invocations=3 (full 0):
 garbage-first heap   total 129024K, used 52835K [0x0000000082000000, 0x0000000100000000)
  region size 1024K, 46 young (47104K), 7 survivors (7168K)
 Metaspace       used 31681K, capacity 32210K, committed 32432K, reserved 1077248K
  class space    used 3774K, capacity 3970K, committed 4096K, reserved 1048576K
}
Event: 3.806 GC heap after
{Heap after GC invocations=4 (full 0):
 garbage-first heap   total 129024K, used 16480K [0x0000000082000000, 0x0000000100000000)
  region size 1024K, 4 young (4096K), 4 survivors (4096K)
 Metaspace       used 31681K, capacity 32210K, committed 32432K, reserved 1077248K
  class space    used 3774K, capacity 3970K, committed 4096K, reserved 1048576K
}
Event: 4.609 GC heap before
{Heap before GC invocations=4 (full 0):
 garbage-first heap   total 129024K, used 45152K [0x0000000082000000, 0x0000000100000000)
  region size 1024K, 31 young (31744K), 4 survivors (4096K)
 Metaspace       used 35171K, capacity 35678K, committed 35920K, reserved 1081344K
  class space    used 4340K, capacity 4548K, committed 4608K, reserved 1048576K
}
Event: 4.628 GC heap after
{Heap after GC invocations=5 (full 0):
 garbage-first heap   total 129024K, used 23262K [0x0000000082000000, 0x0000000100000000)
  region size 1024K, 8 young (8192K), 8 survivors (8192K)
 Metaspace       used 35171K, capacity 35678K, committed 35920K, reserved 1081344K
  class space    used 4340K, capacity 4548K, committed 4608K, reserved 1048576K
}
Event: 6.906 GC heap before
{Heap before GC invocations=6 (full 0):
 garbage-first heap   total 129024K, used 73438K [0x0000000082000000, 0x0000000100000000)
  region size 1024K, 57 young (58368K), 8 survivors (8192K)
 Metaspace       used 44130K, capacity 44658K, committed 45008K, reserved 1089536K
  class space    used 5224K, capacity 5427K, committed 5504K, reserved 1048576K
}
Event: 6.933 GC heap after
{Heap after GC invocations=7 (full 0):
 garbage-first heap   total 155648K, used 26017K [0x0000000082000000, 0x0000000100000000)
  region size 1024K, 5 young (5120K), 5 survivors (5120K)
 Metaspace       used 44130K, capacity 44658K, committed 45008K, reserved 1089536K
  class space    used 5224K, capacity 5427K, committed 5504K, reserved 1048576K
}
Event: 9.690 GC heap before
{Heap before GC invocations=7 (full 0):
 garbage-first heap   total 155648K, used 90529K [0x0000000082000000, 0x0000000100000000)
  region size 1024K, 65 young (66560K), 5 survivors (5120K)
 Metaspace       used 49891K, capacity 50516K, committed 50768K, reserved 1093632K
  class space    used 5791K, capacity 6024K, committed 6144K, reserved 1048576K
}
Event: 9.714 GC heap after
{Heap after GC invocations=8 (full 0):
 garbage-first heap   total 155648K, used 35442K [0x0000000082000000, 0x0000000100000000)
  region size 1024K, 7 young (7168K), 7 survivors (7168K)
 Metaspace       used 49891K, capacity 50516K, committed 50768K, reserved 1093632K
  class space    used 5791K, capacity 6024K, committed 6144K, reserved 1048576K
}
Event: 10.958 GC heap before
{Heap before GC invocations=8 (full 0):
 garbage-first heap   total 155648K, used 98930K [0x0000000082000000, 0x0000000100000000)
  region size 1024K, 69 young (70656K), 7 survivors (7168K)
 Metaspace       used 51710K, capacity 52281K, committed 52432K, reserved 1095680K
  class space    used 5932K, capacity 6159K, committed 6272K, reserved 1048576K
}
Event: 10.990 GC heap after
{Heap after GC invocations=9 (full 0):
 garbage-first heap   total 155648K, used 45050K [0x0000000082000000, 0x0000000100000000)
  region size 1024K, 9 young (9216K), 9 survivors (9216K)
 Metaspace       used 51710K, capacity 52281K, committed 52432K, reserved 1095680K
  class space    used 5932K, capacity 6159K, committed 6272K, reserved 1048576K
}
Event: 13.802 GC heap before
{Heap before GC invocations=9 (full 0):
 garbage-first heap   total 155648K, used 104442K [0x0000000082000000, 0x0000000100000000)
  region size 1024K, 68 young (69632K), 9 survivors (9216K)
 Metaspace       used 59480K, capacity 60169K, committed 60240K, reserved 1101824K
  class space    used 6807K, capacity 7101K, committed 7168K, reserved 1048576K
}
Event: 13.844 GC heap after
{Heap after GC invocations=10 (full 0):
 garbage-first heap   total 155648K, used 52736K [0x0000000082000000, 0x0000000100000000)
  region size 1024K, 8 young (8192K), 8 survivors (8192K)
 Metaspace       used 59480K, capacity 60169K, committed 60240K, reserved 1101824K
  class space    used 6807K, capacity 7101K, committed 7168K, reserved 1048576K
}
Event: 17.108 GC heap before
{Heap before GC invocations=11 (full 0):
 garbage-first heap   total 155648K, used 112128K [0x0000000082000000, 0x0000000100000000)
  region size 1024K, 66 young (67584K), 8 survivors (8192K)
 Metaspace       used 63529K, capacity 64291K, committed 64592K, reserved 1105920K
  class space    used 7076K, capacity 7378K, committed 7424K, reserved 1048576K
}

Deoptimization events (20 events):
Event: 17.067 Thread 0x000001854d57b800 Uncommon trap: trap_request=0xffffffde fr.pc=0x0000018558d6a5d0 relative=0x00000000000003d0
Event: 17.068 Thread 0x000001854d57b800 Uncommon trap: reason=class_check action=maybe_recompile pc=0x0000018558d6a5d0 method=java.util.regex.Pattern$Start.match(Ljava/util/regex/Matcher;ILjava/lang/CharSequence;)Z @ 44 c2
Event: 17.068 Thread 0x000001854d57b800 DEOPT PACKING pc=0x0000018558d6a5d0 sp=0x000000825e4fd870
Event: 17.068 Thread 0x000001854d57b800 DEOPT UNPACKING pc=0x00000185510ea1af sp=0x000000825e4fd7b0 mode 2
Event: 17.070 Thread 0x000001854d57b800 Uncommon trap: trap_request=0xffffffc6 fr.pc=0x0000018558da3dd0 relative=0x00000000000004d0
Event: 17.070 Thread 0x000001854d57b800 Uncommon trap: reason=bimorphic_or_optimized_type_check action=maybe_recompile pc=0x0000018558da3dd0 method=org.jetbrains.kotlin.com.intellij.psi.impl.source.tree.TreeElement.rawRemoveUpToWithoutNotifications(Lorg/jetbrains/kotlin/com/intellij/psi/impl/so
Event: 17.070 Thread 0x000001854d57b800 DEOPT PACKING pc=0x0000018558da3dd0 sp=0x000000825e4fbbe0
Event: 17.070 Thread 0x000001854d57b800 DEOPT UNPACKING pc=0x00000185510ea1af sp=0x000000825e4fbb80 mode 2
Event: 17.070 Thread 0x000001854d57b800 Uncommon trap: trap_request=0xffffffde fr.pc=0x0000018558d6a5d0 relative=0x00000000000003d0
Event: 17.070 Thread 0x000001854d57b800 Uncommon trap: reason=class_check action=maybe_recompile pc=0x0000018558d6a5d0 method=java.util.regex.Pattern$Start.match(Ljava/util/regex/Matcher;ILjava/lang/CharSequence;)Z @ 44 c2
Event: 17.070 Thread 0x000001854d57b800 DEOPT PACKING pc=0x0000018558d6a5d0 sp=0x000000825e4fd870
Event: 17.070 Thread 0x000001854d57b800 DEOPT UNPACKING pc=0x00000185510ea1af sp=0x000000825e4fd7b0 mode 2
Event: 17.071 Thread 0x000001854d57b800 Uncommon trap: trap_request=0xffffffde fr.pc=0x0000018558d6a5d0 relative=0x00000000000003d0
Event: 17.071 Thread 0x000001854d57b800 Uncommon trap: reason=class_check action=maybe_recompile pc=0x0000018558d6a5d0 method=java.util.regex.Pattern$Start.match(Ljava/util/regex/Matcher;ILjava/lang/CharSequence;)Z @ 44 c2
Event: 17.071 Thread 0x000001854d57b800 DEOPT PACKING pc=0x0000018558d6a5d0 sp=0x000000825e4fd870
Event: 17.071 Thread 0x000001854d57b800 DEOPT UNPACKING pc=0x00000185510ea1af sp=0x000000825e4fd7b0 mode 2
Event: 17.072 Thread 0x000001854d57b800 Uncommon trap: trap_request=0xffffffde fr.pc=0x0000018558d6a5d0 relative=0x00000000000003d0
Event: 17.072 Thread 0x000001854d57b800 Uncommon trap: reason=class_check action=maybe_recompile pc=0x0000018558d6a5d0 method=java.util.regex.Pattern$Start.match(Ljava/util/regex/Matcher;ILjava/lang/CharSequence;)Z @ 44 c2
Event: 17.072 Thread 0x000001854d57b800 DEOPT PACKING pc=0x0000018558d6a5d0 sp=0x000000825e4fd870
Event: 17.072 Thread 0x000001854d57b800 DEOPT UNPACKING pc=0x00000185510ea1af sp=0x000000825e4fd7b0 mode 2

Classes redefined (0 events):
No events

Internal exceptions (20 events):
Event: 7.062 Thread 0x000001854d57b800 Implicit null exception at 0x0000018558cbea4c to 0x0000018558cbeb28
Event: 7.654 Thread 0x000001854d57b800 Implicit null exception at 0x0000018558cd3907 to 0x0000018558cd42b8
Event: 8.750 Thread 0x000001854d57b800 Exception <a 'java/lang/NoSuchMethodError'{0x000000008a87ef30}: 'java.lang.Object java.lang.invoke.DirectMethodHandle$Holder.invokeStatic(java.lang.Object, java.lang.Object, java.lang.Object, int)'> (0x000000008a87ef30) thrown at [./src/hotspot/share/interpreter/linkResolver.cpp, line 773]
Event: 8.750 Thread 0x000001854d57b800 Exception <a 'java/lang/NoSuchMethodError'{0x000000008a882ba0}: 'java.lang.Object java.lang.invoke.DirectMethodHandle$Holder.invokeSpecial(java.lang.Object, java.lang.Object, java.lang.Object, java.lang.Object, int)'> (0x000000008a882ba0) thrown at [./src/hotspot/share/interpreter/linkResolver.cpp, line 773]
Event: 8.750 Thread 0x000001854d57b800 Exception <a 'java/lang/NoSuchMethodError'{0x000000008a885eb0}: 'java.lang.Object java.lang.invoke.Invokers$Holder.linkToTargetMethod(java.lang.Object, java.lang.Object, int, java.lang.Object)'> (0x000000008a885eb0) thrown at [./src/hotspot/share/interpreter/linkResolver.cpp, line 773]
Event: 11.440 Thread 0x000001854d57b800 Exception <a 'java/lang/NoSuchMethodError'{0x000000008ad56e98}: 'java.lang.Object java.lang.invoke.DirectMethodHandle$Holder.invokeSpecial(java.lang.Object, java.lang.Object, java.lang.Object, java.lang.Object, java.lang.Object, int)'> (0x000000008ad56e98) thrown at [./src/hotspot/share/interpreter/linkResolver.cpp, line 773]
Event: 11.440 Thread 0x000001854d57b800 Exception <a 'java/lang/NoSuchMethodError'{0x000000008ad5aa38}: 'java.lang.Object java.lang.invoke.Invokers$Holder.linkToTargetMethod(java.lang.Object, java.lang.Object, java.lang.Object, int, java.lang.Object)'> (0x000000008ad5aa38) thrown at [./src/hotspot/share/interpreter/linkResolver.cpp, line 773]
Event: 11.620 Thread 0x000001854d57b800 Implicit null exception at 0x0000018558d5a7d3 to 0x0000018558d5ac44
Event: 11.856 Thread 0x000001854d57b800 Exception <a 'java/lang/NoSuchMethodError'{0x000000008a48e270}: 'java.lang.Object java.lang.invoke.DirectMethodHandle$Holder.invokeStaticInit(java.lang.Object, java.lang.Object, java.lang.Object)'> (0x000000008a48e270) thrown at [./src/hotspot/share/interpreter/linkResolver.cpp, line 773]
Event: 12.689 Thread 0x000001854d57b800 Exception <a 'java/lang/NoSuchMethodError'{0x000000008962c320}: 'int java.lang.invoke.DirectMethodHandle$Holder.invokeStaticInit(java.lang.Object, int)'> (0x000000008962c320) thrown at [./src/hotspot/share/interpreter/linkResolver.cpp, line 773]
Event: 12.738 Thread 0x000001854d57b800 Exception <a 'java/lang/NoSuchMethodError'{0x00000000895aea60}: 'java.lang.Object java.lang.invoke.Invokers$Holder.linkToTargetMethod(java.lang.Object, java.lang.Object, java.lang.Object, java.lang.Object, java.lang.Object, java.lang.Object)'> (0x00000000895aea60) thrown at [./src/hotspot/share/interpreter/linkResolver.cpp, line 773]
Event: 13.197 Thread 0x000001854d57b800 Implicit null exception at 0x0000018558dd3631 to 0x0000018558dd39c0
Event: 13.215 Thread 0x000001854d57b800 Implicit null exception at 0x0000018558c13ef5 to 0x0000018558c140c8
Event: 16.471 Thread 0x000001854d57b800 Exception <a 'java/lang/NoSuchMethodError'{0x00000000888f9118}: 'java.lang.Object java.lang.invoke.DirectMethodHandle$Holder.invokeSpecial(java.lang.Object, java.lang.Object, java.lang.Object, java.lang.Object, java.lang.Object, java.lang.Object, java.lang.Object, java.lang.Object, java.lang.Object)'> (0x00000000888f9118) thrown at [./src/hotspot/share/interpreter/linkResolver.cpp, line 773]
Event: 16.471 Thread 0x000001854d57b800 Exception <a 'java/lang/NoSuchMethodError'{0x00000000888fd310}: 'java.lang.Object java.lang.invoke.Invokers$Holder.linkToTargetMethod(java.lang.Object, java.lang.Object, java.lang.Object, java.lang.Object, java.lang.Object, java.lang.Object, java.lang.Object, java.lang.Object)'> (0x00000000888fd310) thrown at [./src/hotspot/share/interpreter/linkResolver.cpp, line 773]
Event: 16.510 Thread 0x000001854d57b800 Implicit null exception at 0x0000018558bbdd5e to 0x0000018558bbe4ca
Event: 16.510 Thread 0x000001854d57b800 Implicit null exception at 0x0000018558c7efaf to 0x0000018558c7f01d
Event: 16.729 Thread 0x000001854d57b800 Exception <a 'java/lang/NoSuchMethodError'{0x00000000884c1fc8}: 'java.lang.Object java.lang.invoke.Invokers$Holder.linkToTargetMethod(java.lang.Object, java.lang.Object, java.lang.Object, java.lang.Object, java.lang.Object, java.lang.Object, java.lang.Object)'> (0x00000000884c1fc8) thrown at [./src/hotspot/share/interpreter/linkResolver.cpp, line 773]
Event: 16.766 Thread 0x000001854d57b800 Exception <a 'java/lang/NoSuchMethodError'{0x000000008836b4b0}: 'java.lang.Object java.lang.invoke.DirectMethodHandle$Holder.invokeInterface(java.lang.Object, java.lang.Object, java.lang.Object)'> (0x000000008836b4b0) thrown at [./src/hotspot/share/interpreter/linkResolver.cpp, line 773]
Event: 16.766 Thread 0x000001854d57b800 Exception <a 'java/lang/IncompatibleClassChangeError'{0x000000008836ec30}: Found class java.lang.Object, but interface was expected> (0x000000008836ec30) thrown at [./src/hotspot/share/interpreter/linkResolver.cpp, line 839]

Events (20 events):
Event: 17.054 loading class org/jetbrains/kotlin/codegen/SyntheticClassDescriptorForLambda done
Event: 17.062 loading class org/jetbrains/kotlin/fileClasses/JvmFileClassUtil
Event: 17.062 loading class org/jetbrains/kotlin/fileClasses/JvmFileClassUtil done
Event: 17.065 loading class org/jetbrains/kotlin/fileClasses/JvmSimpleFileClassInfo
Event: 17.065 loading class org/jetbrains/kotlin/fileClasses/JvmSimpleFileClassInfo done
Event: 17.065 loading class org/jetbrains/kotlin/fileClasses/JvmFileClassInfo
Event: 17.065 loading class org/jetbrains/kotlin/fileClasses/JvmFileClassInfo done
Event: 17.066 loading class org/jetbrains/kotlin/load/kotlin/PackagePartClassUtils
Event: 17.066 loading class org/jetbrains/kotlin/load/kotlin/PackagePartClassUtils done
Event: 17.067 loading class org/jetbrains/kotlin/name/NameUtils
Event: 17.067 loading class org/jetbrains/kotlin/name/NameUtils done
Event: 17.068 loading class org/jetbrains/kotlin/fileClasses/JvmFileClassUtilKt
Event: 17.068 loading class org/jetbrains/kotlin/fileClasses/JvmFileClassUtilKt done
Event: 17.105 loading class org/jetbrains/kotlin/psi/KtExpression
Event: 17.105 loading class org/jetbrains/kotlin/psi/KtExpression done
Event: 17.106 loading class org/jetbrains/kotlin/codegen/binding/CodegenAnnotatingVisitor
Event: 17.106 loading class org/jetbrains/kotlin/codegen/binding/CodegenAnnotatingVisitor done
Event: 17.107 loading class org/jetbrains/kotlin/cfg/WhenChecker
Event: 17.107 loading class org/jetbrains/kotlin/cfg/WhenChecker done
Event: 17.108 Executing VM operation: G1CollectForAllocation


Dynamic libraries:
0x00007ff6412f0000 - 0x00007ff6412fa000 	C:\Program Files\Android\Android Studio\jre\bin\java.exe
0x00007ffd3e720000 - 0x00007ffd3e929000 	C:\Windows\SYSTEM32\ntdll.dll
0x00007ffd3c760000 - 0x00007ffd3c81d000 	C:\Windows\System32\KERNEL32.DLL
0x00007ffd3bc80000 - 0x00007ffd3bffc000 	C:\Windows\System32\KERNELBASE.dll
0x00007ffd3c2a0000 - 0x00007ffd3c3b1000 	C:\Windows\System32\ucrtbase.dll
0x00007ffd1dcd0000 - 0x00007ffd1dce9000 	C:\Program Files\Android\Android Studio\jre\bin\jli.dll
0x00007ffd1d650000 - 0x00007ffd1d667000 	C:\Program Files\Android\Android Studio\jre\bin\VCRUNTIME140.dll
0x00007ffd3e000000 - 0x00007ffd3e1ad000 	C:\Windows\System32\USER32.dll
0x00007ffd26970000 - 0x00007ffd26c15000 	C:\Windows\WinSxS\amd64_microsoft.windows.common-controls_6595b64144ccf1df_6.0.22000.120_none_9d947278b86cc467\COMCTL32.dll
0x00007ffd3c4e0000 - 0x00007ffd3c506000 	C:\Windows\System32\win32u.dll
0x00007ffd3cac0000 - 0x00007ffd3cb63000 	C:\Windows\System32\msvcrt.dll
0x00007ffd3e210000 - 0x00007ffd3e239000 	C:\Windows\System32\GDI32.dll
0x00007ffd3c3c0000 - 0x00007ffd3c4d9000 	C:\Windows\System32\gdi32full.dll
0x00007ffd3c510000 - 0x00007ffd3c5ad000 	C:\Windows\System32\msvcp_win.dll
0x00007ffd3d6a0000 - 0x00007ffd3d6d1000 	C:\Windows\System32\IMM32.DLL
0x00007ffd11d80000 - 0x00007ffd11e1d000 	C:\Program Files\Android\Android Studio\jre\bin\msvcp140.dll
0x00007ffcf63a0000 - 0x00007ffcf6ea2000 	C:\Program Files\Android\Android Studio\jre\bin\server\jvm.dll
0x00007ffd3d330000 - 0x00007ffd3d3de000 	C:\Windows\System32\ADVAPI32.dll
0x00007ffd3d3e0000 - 0x00007ffd3d47e000 	C:\Windows\System32\sechost.dll
0x00007ffd3dd40000 - 0x00007ffd3de60000 	C:\Windows\System32\RPCRT4.dll
0x00007ffd3e330000 - 0x00007ffd3e338000 	C:\Windows\System32\PSAPI.DLL
0x00007ffd384d0000 - 0x00007ffd384d9000 	C:\Windows\SYSTEM32\WSOCK32.dll
0x00007ffd34330000 - 0x00007ffd3433a000 	C:\Windows\SYSTEM32\VERSION.dll
0x00007ffd36e00000 - 0x00007ffd36e33000 	C:\Windows\SYSTEM32\WINMM.dll
0x00007ffd3c5c0000 - 0x00007ffd3c62f000 	C:\Windows\System32\WS2_32.dll
0x00007ffd3ada0000 - 0x00007ffd3adb8000 	C:\Windows\SYSTEM32\kernel.appcore.dll
0x00007ffd371e0000 - 0x00007ffd371f1000 	C:\Program Files\Android\Android Studio\jre\bin\verify.dll
0x00007ffd27200000 - 0x00007ffd27421000 	C:\Windows\SYSTEM32\DBGHELP.DLL
0x00007ffd27180000 - 0x00007ffd271b1000 	C:\Windows\SYSTEM32\dbgcore.DLL
0x00007ffd3bc00000 - 0x00007ffd3bc7f000 	C:\Windows\System32\bcryptPrimitives.dll
0x00007ffd2d7c0000 - 0x00007ffd2d7e9000 	C:\Program Files\Android\Android Studio\jre\bin\java.dll
0x00007ffd37780000 - 0x00007ffd3778b000 	C:\Program Files\Android\Android Studio\jre\bin\jimage.dll
0x00007ffd371c0000 - 0x00007ffd371d8000 	C:\Program Files\Android\Android Studio\jre\bin\zip.dll
0x00007ffd3cb70000 - 0x00007ffd3d328000 	C:\Windows\System32\SHELL32.dll
0x00007ffd39d30000 - 0x00007ffd3a598000 	C:\Windows\SYSTEM32\windows.storage.dll
0x00007ffd3e340000 - 0x00007ffd3e6b9000 	C:\Windows\System32\combase.dll
0x00007ffd39bc0000 - 0x00007ffd39d26000 	C:\Windows\SYSTEM32\wintypes.dll
0x00007ffd3d4e0000 - 0x00007ffd3d5ca000 	C:\Windows\System32\SHCORE.dll
0x00007ffd3e1b0000 - 0x00007ffd3e20d000 	C:\Windows\System32\shlwapi.dll
0x00007ffd3bb30000 - 0x00007ffd3bb51000 	C:\Windows\SYSTEM32\profapi.dll
0x00007ffd37190000 - 0x00007ffd371aa000 	C:\Program Files\Android\Android Studio\jre\bin\net.dll
0x00007ffd35050000 - 0x00007ffd3515c000 	C:\Windows\SYSTEM32\WINHTTP.dll
0x00007ffd3b210000 - 0x00007ffd3b277000 	C:\Windows\system32\mswsock.dll
0x00007ffd2d7a0000 - 0x00007ffd2d7b4000 	C:\Program Files\Android\Android Studio\jre\bin\nio.dll

dbghelp: loaded successfully - version: 4.0.5 - missing functions: none
symbol engine: initialized successfully - sym options: 0x614 - pdb path: .;C:\Program Files\Android\Android Studio\jre\bin;C:\Windows\SYSTEM32;C:\Windows\WinSxS\amd64_microsoft.windows.common-controls_6595b64144ccf1df_6.0.22000.120_none_9d947278b86cc467;C:\Program Files\Android\Android Studio\jre\bin\server

VM Arguments:
java_command: org.jetbrains.kotlin.cli.jvm.K2JVMCompiler @D:\Android\Compose_projects\KalidasaGranthavali\app\build\20220916_9662023963837203117.compiler.options
java_class_path (initial): C:\Users\av858\.gradle\caches\modules-2\files-2.1\org.jetbrains.kotlin\kotlin-compiler-embeddable\1.7.10\909803167c98606fcf22b4c848647c68e351d48d\kotlin-compiler-embeddable-1.7.10.jar;C:\Users\av858\.gradle\caches\modules-2\files-2.1\org.jetbrains.kotlin\kotlin-reflect\1.7.10\165e600dfea6185cf5efa700756294cc4904dbeb\kotlin-reflect-1.7.10.jar;C:\Users\av858\.gradle\caches\modules-2\files-2.1\org.jetbrains.kotlin\kotlin-stdlib\1.7.10\d2abf9e77736acc4450dc4a3f707fa2c10f5099d\kotlin-stdlib-1.7.10.jar;C:\Users\av858\.gradle\caches\modules-2\files-2.1\org.jetbrains.kotlin\kotlin-script-runtime\1.7.10\c99c87a6988d8fd8d5142e9ed5c9f34a7cf561ee\kotlin-script-runtime-1.7.10.jar;C:\Users\av858\.gradle\caches\modules-2\files-2.1\org.jetbrains.kotlin\kotlin-daemon-embeddable\1.7.10\3a9f7aef7080d3ae63126cbba4f827ed664f32fa\kotlin-daemon-embeddable-1.7.10.jar;C:\Users\av858\.gradle\caches\modules-2\files-2.1\org.jetbrains.intellij.deps\trove4j\1.0.20200330\3afb14d5f9ceb459d724e907a21145e8ff394f02\trove4j-1.0.20200330.jar;C:\Users\av858\.gradle\caches\modules-2\files-2.1\net.java.dev.jna\jna\5.6.0\330f2244e9030119ab3030fc3fededc86713d9cc\jna-5.6.0.jar;C:\Users\av858\.gradle\caches\modules-2\files-2.1\org.jetbrains.kotlin\kotlin-stdlib-common\1.7.10\bac80c520d0a9e3f3673bc2658c6ed02ef45a76a\kotlin-stdlib-common-1.7.10.jar;C:\Users\av858\.gradle\caches\modules-2\files-2.1\org.jetbrains\annotations\13.0\919f0dfe192fb4e063e7dacadee7f8bb9a2672a9\annotations-13.0.jar
Launcher Type: SUN_STANDARD

[Global flags]
     intx CICompilerCount                          = 3                                         {product} {ergonomic}
     uint ConcGCThreads                            = 1                                         {product} {ergonomic}
     uint G1ConcRefinementThreads                  = 4                                         {product} {ergonomic}
   size_t G1HeapRegionSize                         = 1048576                                   {product} {ergonomic}
    uintx GCDrainStackTargetSize                   = 64                                        {product} {ergonomic}
   size_t InitialHeapSize                          = 132120576                                 {product} {ergonomic}
   size_t MarkStackSize                            = 4194304                                   {product} {ergonomic}
   size_t MaxHeapSize                              = 2113929216                                {product} {ergonomic}
   size_t MaxNewSize                               = 1267728384                                {product} {ergonomic}
   size_t MinHeapDeltaBytes                        = 1048576                                   {product} {ergonomic}
    uintx NonNMethodCodeHeapSize                   = 5830732                                {pd product} {ergonomic}
    uintx NonProfiledCodeHeapSize                  = 122913754                              {pd product} {ergonomic}
    uintx ProfiledCodeHeapSize                     = 122913754                              {pd product} {ergonomic}
    uintx ReservedCodeCacheSize                    = 251658240                              {pd product} {ergonomic}
     bool SegmentedCodeCache                       = true                                      {product} {ergonomic}
     bool UseCompressedClassPointers               = true                                 {lp64_product} {ergonomic}
     bool UseCompressedOops                        = true                                 {lp64_product} {ergonomic}
     bool UseG1GC                                  = true                                      {product} {ergonomic}
     bool UseLargePagesIndividualAllocation        = false                                  {pd product} {ergonomic}

Logging:
Log output configuration:
 #0: stdout all=warning uptime,level,tags
 #1: stderr all=off uptime,level,tags

Environment Variables:
PATH=C:\Windows\system32;C:\Windows;C:\Windows\System32\Wbem;C:\Windows\System32\WindowsPowerShell\v1.0\;C:\Windows\System32\OpenSSH\;E:\Node\;C:\ProgramData\chocolatey\bin;C:\Program Files\Git\cmd;C:\Users\av858\AppData\Local\Microsoft\WindowsApps;C:\Users\av858\AppData\Local\Programs\Microsoft VS Code\bin;C:\src\flutter\bin;C:\Users\av858\AppData\Roaming\npm
USERNAME=av858
OS=Windows_NT
PROCESSOR_IDENTIFIER=Intel64 Family 6 Model 142 Stepping 10, GenuineIntel



---------------  S Y S T E M  ---------------

OS: Windows 11 , 64 bit Build 22000 (10.0.22000.708)
OS uptime: 0 days 7:41 hours
Hyper-V role detected

CPU:total 4 (initial active 4) (2 cores per cpu, 2 threads per core) family 6 model 142 stepping 10 microcode 0xe0, cmov, cx8, fxsr, mmx, sse, sse2, sse3, ssse3, sse4.1, sse4.2, popcnt, avx, avx2, aes, clmul, erms, 3dnowpref, lzcnt, ht, tsc, tscinvbit, bmi1, bmi2, adx, fma

Memory: 4k page, system-wide physical 8056M (470M free)
TotalPageFile size 32632M (AvailPageFile size 12M)
current process WorkingSet (physical memory assigned to process): 323M, peak: 323M
current process commit charge ("private bytes"): 365M, peak: 395M

vm_info: OpenJDK 64-Bit Server VM (11.0.13+0-b1751.21-8125866) for windows-amd64 JRE (11.0.13+0-b1751.21-8125866), built on Feb  2 2022 03:00:22 by "builder" with MS VC++ 14.0 (VS2015)

END.
