#
# There is insufficient memory for the Java Runtime Environment to continue.
# Native memory allocation (mmap) failed to map 200278016 bytes for Failed to commit area from 0x0000000089800000 to 0x0000000095700000 of length 200278016.
# Possible reasons:
#   The system is out of physical RAM or swap space
#   The process is running with CompressedOops enabled, and the Java Heap may be blocking the growth of the native heap
# Possible solutions:
#   Reduce memory load on the system
#   Increase physical memory or swap space
#   Check if swap backing store is full
#   Decrease Java heap size (-Xmx/-Xms)
#   Decrease number of Java threads
#   Decrease Java thread stack sizes (-Xss)
#   Set larger code cache with -XX:ReservedCodeCacheSize=
#   JVM is running with Unscaled Compressed Oops mode in which the Java heap is
#     placed in the first 4GB address space. The Java Heap base address is the
#     maximum limit for the native heap growth. Please use -XX:HeapBaseMinAddress
#     to set the Java Heap base and to place the Java Heap above 4GB virtual address.
# This output file may be truncated or incomplete.
#
#  Out of Memory Error (./src/hotspot/os/windows/os_windows.cpp:3619), pid=10700, tid=10244
#
# JRE version: OpenJDK Runtime Environment (11.0.13) (build 11.0.13+0-b1751.21-8125866)
# Java VM: OpenJDK 64-Bit Server VM (11.0.13+0-b1751.21-8125866, mixed mode, tiered, compressed oops, g1 gc, windows-amd64)
# No core dump will be written. Minidumps are not enabled by default on client versions of Windows
#

---------------  S U M M A R Y ------------

Command Line: --add-opens=java.base/java.util=ALL-UNNAMED --add-opens=java.base/java.lang=ALL-UNNAMED --add-opens=java.base/java.lang.invoke=ALL-UNNAMED --add-opens=java.base/java.util=ALL-UNNAMED --add-opens=java.prefs/java.util.prefs=ALL-UNNAMED --add-opens=java.prefs/java.util.prefs=ALL-UNNAMED --add-opens=java.base/java.nio.charset=ALL-UNNAMED --add-opens=java.base/java.net=ALL-UNNAMED --add-opens=java.base/java.util.concurrent.atomic=ALL-UNNAMED -Xmx2048m -Dfile.encoding=UTF-8 -Duser.country=IN -Duser.language=en -Duser.variant org.gradle.launcher.daemon.bootstrap.GradleDaemon 7.4

Host: Intel(R) Core(TM) i3-7020U CPU @ 2.30GHz, 4 cores, 7G,  Windows 11 , 64 bit Build 22000 (10.0.22000.708)
Time: Fri Sep 16 01:45:46 2022 India Standard Time elapsed time: 130.220485 seconds (0d 0h 2m 10s)

---------------  T H R E A D  ---------------

Current thread (0x0000029c51b4d000):  VMThread "VM Thread" [stack: 0x000000cde9300000,0x000000cde9400000] [id=10244]

Stack: [0x000000cde9300000,0x000000cde9400000]
[error occurred during error reporting (printing stack bounds), id 0xc0000005, EXCEPTION_ACCESS_VIOLATION (0xc0000005) at pc=0x0000029c3b2e112d]

Native frames: (J=compiled Java code, j=interpreted, Vv=VM code, C=native code)
V  [jvm.dll+0x6100fa]
V  [jvm.dll+0x747090]
V  [jvm.dll+0x7486ad]
V  [jvm.dll+0x748ce5]
V  [jvm.dll+0x748c9b]
V  [jvm.dll+0x60f224]
V  [jvm.dll+0x60f9b8]
C  [ntdll.dll+0xa8b1f]
C  [ntdll.dll+0x35b9a]
C  [ntdll.dll+0xa7b2e]
C  0x0000029c3b2e112d

VM_Operation (0x000000cdea6f7dd0): G1CollectForAllocation, mode: safepoint, requested by thread 0x0000029c547d7000


---------------  P R O C E S S  ---------------

Threads class SMR info:
_java_thread_list=0x0000029c59e09e80, length=78, elements={
0x0000029c377bb800, 0x0000029c51b51800, 0x0000029c51b5a800, 0x0000029c524e2800,
0x0000029c51b71800, 0x0000029c51b72000, 0x0000029c51b76000, 0x0000029c52524800,
0x0000029c52529800, 0x0000029c52617800, 0x0000029c53832000, 0x0000029c54abb000,
0x0000029c5267e800, 0x0000029c5342d800, 0x0000029c539a5000, 0x0000029c5286a800,
0x0000029c547d7000, 0x0000029c53830000, 0x0000029c52973800, 0x0000029c52649800,
0x0000029c5264c000, 0x0000029c5264d000, 0x0000029c52647000, 0x0000029c5264e000,
0x0000029c52648000, 0x0000029c52649000, 0x0000029c5264a800, 0x0000029c5264b800,
0x0000029c527ba800, 0x0000029c527bd000, 0x0000029c527b7800, 0x0000029c527bb800,
0x0000029c527be000, 0x0000029c527bc800, 0x0000029c527b8800, 0x0000029c527bf800,
0x0000029c527ba000, 0x0000029c527c0800, 0x0000029c527c1800, 0x0000029c527c4800,
0x0000029c527c2000, 0x0000029c527c3800, 0x0000029c527c3000, 0x0000029c527c5800,
0x0000029c527c6000, 0x0000029c55143800, 0x0000029c55146000, 0x0000029c55143000,
0x0000029c55145800, 0x0000029c55144800, 0x0000029c55142000, 0x0000029c55147000,
0x0000029c55141800, 0x0000029c55148000, 0x0000029c5514d800, 0x0000029c5514b000,
0x0000029c5514c000, 0x0000029c55149800, 0x0000029c5514a800, 0x0000029c5514e800,
0x0000029c5514c800, 0x0000029c55148800, 0x0000029c5514f000, 0x0000029c55150000,
0x0000029c583a2000, 0x0000029c583a1000, 0x0000029c583a6000, 0x0000029c583a5000,
0x0000029c583a2800, 0x0000029c583a3800, 0x0000029c583a0800, 0x0000029c583a9800,
0x0000029c583a7000, 0x0000029c583aa000, 0x0000029c583a4800, 0x0000029c583a7800,
0x0000029c583ae000, 0x0000029c583a8800
}

Java Threads: ( => current thread )
  0x0000029c377bb800 JavaThread "main" [_thread_blocked, id=10260, stack(0x000000cde8c00000,0x000000cde8d00000)]
  0x0000029c51b51800 JavaThread "Reference Handler" daemon [_thread_blocked, id=2212, stack(0x000000cde9400000,0x000000cde9500000)]
  0x0000029c51b5a800 JavaThread "Finalizer" daemon [_thread_blocked, id=9092, stack(0x000000cde9500000,0x000000cde9600000)]
  0x0000029c524e2800 JavaThread "Signal Dispatcher" daemon [_thread_blocked, id=9004, stack(0x000000cde9600000,0x000000cde9700000)]
  0x0000029c51b71800 JavaThread "Attach Listener" daemon [_thread_blocked, id=7044, stack(0x000000cde9700000,0x000000cde9800000)]
  0x0000029c51b72000 JavaThread "Service Thread" daemon [_thread_blocked, id=9624, stack(0x000000cde9800000,0x000000cde9900000)]
  0x0000029c51b76000 JavaThread "C2 CompilerThread0" daemon [_thread_blocked, id=1048, stack(0x000000cde9900000,0x000000cde9a00000)]
  0x0000029c52524800 JavaThread "C1 CompilerThread0" daemon [_thread_blocked, id=10484, stack(0x000000cde9a00000,0x000000cde9b00000)]
  0x0000029c52529800 JavaThread "Sweeper thread" daemon [_thread_blocked, id=7380, stack(0x000000cde9b00000,0x000000cde9c00000)]
  0x0000029c52617800 JavaThread "Common-Cleaner" daemon [_thread_blocked, id=7708, stack(0x000000cde9c00000,0x000000cde9d00000)]
  0x0000029c53832000 JavaThread "Daemon health stats" [_thread_blocked, id=3020, stack(0x000000cdea000000,0x000000cdea100000)]
  0x0000029c54abb000 JavaThread "Incoming local TCP Connector on port 55493" [_thread_in_native, id=5760, stack(0x000000cdea100000,0x000000cdea200000)]
  0x0000029c5267e800 JavaThread "Daemon periodic checks" [_thread_blocked, id=1724, stack(0x000000cdea200000,0x000000cdea300000)]
  0x0000029c5342d800 JavaThread "Daemon" [_thread_blocked, id=5864, stack(0x000000cdea300000,0x000000cdea400000)]
  0x0000029c539a5000 JavaThread "Handler for socket connection from /127.0.0.1:55493 to /127.0.0.1:55494" [_thread_in_native, id=5268, stack(0x000000cdea400000,0x000000cdea500000)]
  0x0000029c5286a800 JavaThread "Cancel handler" [_thread_blocked, id=10772, stack(0x000000cdea500000,0x000000cdea600000)]
  0x0000029c547d7000 JavaThread "Daemon worker" [_thread_blocked, id=9688, stack(0x000000cdea600000,0x000000cdea700000)]
  0x0000029c53830000 JavaThread "Asynchronous log dispatcher for DefaultDaemonConnection: socket connection from /127.0.0.1:55493 to /127.0.0.1:55494" [_thread_blocked, id=3316, stack(0x000000cdea700000,0x000000cdea800000)]
  0x0000029c52973800 JavaThread "Daemon client event forwarder" [_thread_blocked, id=11156, stack(0x000000cdea900000,0x000000cdeaa00000)]
  0x0000029c52649800 JavaThread "Cache worker for journal cache (C:\Users\av858\.gradle\caches\journal-1)" [_thread_blocked, id=7412, stack(0x000000cdeab00000,0x000000cdeac00000)]
  0x0000029c5264c000 JavaThread "File lock request listener" [_thread_in_native, id=9228, stack(0x000000cdeac00000,0x000000cdead00000)]
  0x0000029c5264d000 JavaThread "Cache worker for file hash cache (C:\Users\av858\.gradle\caches\7.4\fileHashes)" [_thread_blocked, id=4856, stack(0x000000cdead00000,0x000000cdeae00000)]
  0x0000029c52647000 JavaThread "File lock release action executor" [_thread_blocked, id=5000, stack(0x000000cdeae00000,0x000000cdeaf00000)]
  0x0000029c5264e000 JavaThread "File watcher server" daemon [_thread_in_native, id=6012, stack(0x000000cdeaf00000,0x000000cdeb000000)]
  0x0000029c52648000 JavaThread "File watcher consumer" daemon [_thread_blocked, id=1224, stack(0x000000cdeb000000,0x000000cdeb100000)]
  0x0000029c52649000 JavaThread "jar transforms" [_thread_blocked, id=2792, stack(0x000000cdeb100000,0x000000cdeb200000)]
  0x0000029c5264a800 JavaThread "jar transforms Thread 2" [_thread_blocked, id=1344, stack(0x000000cdeb200000,0x000000cdeb300000)]
  0x0000029c5264b800 JavaThread "jar transforms Thread 3" [_thread_blocked, id=9772, stack(0x000000cdeb300000,0x000000cdeb400000)]
  0x0000029c527ba800 JavaThread "jar transforms Thread 4" [_thread_blocked, id=5620, stack(0x000000cdeb400000,0x000000cdeb500000)]
  0x0000029c527bd000 JavaThread "Cache worker for checksums cache (D:\Android\Compose_projects\KalidasaGranthavali\.gradle\7.4\checksums)" [_thread_blocked, id=8668, stack(0x000000cdeb600000,0x000000cdeb700000)]
  0x0000029c527b7800 JavaThread "Cache worker for cache directory md-rule (C:\Users\av858\.gradle\caches\7.4\md-rule)" [_thread_blocked, id=1144, stack(0x000000cdeb700000,0x000000cdeb800000)]
  0x0000029c527bb800 JavaThread "Cache worker for file hash cache (D:\Android\Compose_projects\KalidasaGranthavali\.gradle\7.4\fileHashes)" [_thread_blocked, id=9588, stack(0x000000cdeb800000,0x000000cdeb900000)]
  0x0000029c527be000 JavaThread "Cache worker for cache directory md-supplier (C:\Users\av858\.gradle\caches\7.4\md-supplier)" [_thread_blocked, id=10696, stack(0x000000cdeb900000,0x000000cdeba00000)]
  0x0000029c527bc800 JavaThread "Cache worker for execution history cache (C:\Users\av858\.gradle\caches\7.4\executionHistory)" [_thread_blocked, id=10448, stack(0x000000cdebc00000,0x000000cdebd00000)]
  0x0000029c527b8800 JavaThread "Cache worker for file content cache (C:\Users\av858\.gradle\caches\7.4\fileContent)" [_thread_blocked, id=4480, stack(0x000000cde8b00000,0x000000cde8c00000)]
  0x0000029c527bf800 JavaThread "Cache worker for dependencies-accessors (D:\Android\Compose_projects\KalidasaGranthavali\.gradle\7.4\dependencies-accessors)" [_thread_blocked, id=2612, stack(0x000000cde8d00000,0x000000cde8e00000)]
  0x0000029c527ba000 JavaThread "Cache worker for Build Output Cleanup Cache (D:\Android\Compose_projects\KalidasaGranthavali\.gradle\buildOutputCleanup)" [_thread_blocked, id=9388, stack(0x000000cdebd00000,0x000000cdebe00000)]
  0x0000029c527c0800 JavaThread "Unconstrained build operations" [_thread_blocked, id=10708, stack(0x000000cdebe00000,0x000000cdebf00000)]
  0x0000029c527c1800 JavaThread "Unconstrained build operations Thread 2" [_thread_blocked, id=6564, stack(0x000000cdebf00000,0x000000cdec000000)]
  0x0000029c527c4800 JavaThread "Unconstrained build operations Thread 3" [_thread_blocked, id=5396, stack(0x000000cdec000000,0x000000cdec100000)]
  0x0000029c527c2000 JavaThread "Unconstrained build operations Thread 4" [_thread_blocked, id=8020, stack(0x000000cdec100000,0x000000cdec200000)]
  0x0000029c527c3800 JavaThread "Unconstrained build operations Thread 5" [_thread_blocked, id=4468, stack(0x000000cdec200000,0x000000cdec300000)]
  0x0000029c527c3000 JavaThread "Unconstrained build operations Thread 6" [_thread_blocked, id=9272, stack(0x000000cdec300000,0x000000cdec400000)]
  0x0000029c527c5800 JavaThread "Unconstrained build operations Thread 7" [_thread_blocked, id=7228, stack(0x000000cdec400000,0x000000cdec500000)]
  0x0000029c527c6000 JavaThread "Unconstrained build operations Thread 8" [_thread_blocked, id=9484, stack(0x000000cdec500000,0x000000cdec600000)]
  0x0000029c55143800 JavaThread "Unconstrained build operations Thread 9" [_thread_blocked, id=11100, stack(0x000000cdec600000,0x000000cdec700000)]
  0x0000029c55146000 JavaThread "Unconstrained build operations Thread 10" [_thread_blocked, id=5560, stack(0x000000cdec700000,0x000000cdec800000)]
  0x0000029c55143000 JavaThread "Unconstrained build operations Thread 11" [_thread_blocked, id=3860, stack(0x000000cdec800000,0x000000cdec900000)]
  0x0000029c55145800 JavaThread "Unconstrained build operations Thread 12" [_thread_blocked, id=8036, stack(0x000000cdec900000,0x000000cdeca00000)]
  0x0000029c55144800 JavaThread "Unconstrained build operations Thread 13" [_thread_blocked, id=8236, stack(0x000000cdeca00000,0x000000cdecb00000)]
  0x0000029c55142000 JavaThread "Unconstrained build operations Thread 14" [_thread_blocked, id=8216, stack(0x000000cdecb00000,0x000000cdecc00000)]
  0x0000029c55147000 JavaThread "Unconstrained build operations Thread 15" [_thread_blocked, id=10724, stack(0x000000cdecc00000,0x000000cdecd00000)]
  0x0000029c55141800 JavaThread "Unconstrained build operations Thread 16" [_thread_blocked, id=7548, stack(0x000000cdecd00000,0x000000cdece00000)]
  0x0000029c55148000 JavaThread "Unconstrained build operations Thread 17" [_thread_blocked, id=5404, stack(0x000000cdece00000,0x000000cdecf00000)]
  0x0000029c5514d800 JavaThread "Unconstrained build operations Thread 18" [_thread_blocked, id=544, stack(0x000000cdecf00000,0x000000cded000000)]
  0x0000029c5514b000 JavaThread "Unconstrained build operations Thread 19" [_thread_blocked, id=2628, stack(0x000000cded000000,0x000000cded100000)]
  0x0000029c5514c000 JavaThread "Unconstrained build operations Thread 20" [_thread_blocked, id=4272, stack(0x000000cded100000,0x000000cded200000)]
  0x0000029c55149800 JavaThread "Unconstrained build operations Thread 21" [_thread_blocked, id=7104, stack(0x000000cded200000,0x000000cded300000)]
  0x0000029c5514a800 JavaThread "Unconstrained build operations Thread 22" [_thread_blocked, id=7764, stack(0x000000cded300000,0x000000cded400000)]
  0x0000029c5514e800 JavaThread "Unconstrained build operations Thread 23" [_thread_blocked, id=8924, stack(0x000000cded400000,0x000000cded500000)]
  0x0000029c5514c800 JavaThread "Unconstrained build operations Thread 24" [_thread_blocked, id=9188, stack(0x000000cded500000,0x000000cded600000)]
  0x0000029c55148800 JavaThread "Unconstrained build operations Thread 25" [_thread_blocked, id=9492, stack(0x000000cded600000,0x000000cded700000)]
  0x0000029c5514f000 JavaThread "Unconstrained build operations Thread 26" [_thread_blocked, id=588, stack(0x000000cded700000,0x000000cded800000)]
  0x0000029c55150000 JavaThread "Unconstrained build operations Thread 27" [_thread_blocked, id=11220, stack(0x000000cded800000,0x000000cded900000)]
  0x0000029c583a2000 JavaThread "Unconstrained build operations Thread 28" [_thread_blocked, id=9832, stack(0x000000cded900000,0x000000cdeda00000)]
  0x0000029c583a1000 JavaThread "Unconstrained build operations Thread 29" [_thread_blocked, id=10920, stack(0x000000cdeda00000,0x000000cdedb00000)]
  0x0000029c583a6000 JavaThread "Unconstrained build operations Thread 30" [_thread_blocked, id=2072, stack(0x000000cdedb00000,0x000000cdedc00000)]
  0x0000029c583a5000 JavaThread "Unconstrained build operations Thread 31" [_thread_blocked, id=7568, stack(0x000000cdedc00000,0x000000cdedd00000)]
  0x0000029c583a2800 JavaThread "Unconstrained build operations Thread 32" [_thread_blocked, id=2424, stack(0x000000cdedd00000,0x000000cdede00000)]
  0x0000029c583a3800 JavaThread "Unconstrained build operations Thread 33" [_thread_blocked, id=2436, stack(0x000000cdede00000,0x000000cdedf00000)]
  0x0000029c583a0800 JavaThread "Unconstrained build operations Thread 34" [_thread_blocked, id=1932, stack(0x000000cdedf00000,0x000000cdee000000)]
  0x0000029c583a9800 JavaThread "Unconstrained build operations Thread 35" [_thread_blocked, id=9184, stack(0x000000cdee000000,0x000000cdee100000)]
  0x0000029c583a7000 JavaThread "Unconstrained build operations Thread 36" [_thread_blocked, id=7540, stack(0x000000cdee100000,0x000000cdee200000)]
  0x0000029c583aa000 JavaThread "Unconstrained build operations Thread 37" [_thread_blocked, id=8756, stack(0x000000cdee200000,0x000000cdee300000)]
  0x0000029c583a4800 JavaThread "Unconstrained build operations Thread 38" [_thread_blocked, id=5624, stack(0x000000cdee300000,0x000000cdee400000)]
  0x0000029c583a7800 JavaThread "Unconstrained build operations Thread 39" [_thread_blocked, id=8388, stack(0x000000cdee400000,0x000000cdee500000)]
  0x0000029c583ae000 JavaThread "Unconstrained build operations Thread 40" [_thread_blocked, id=8208, stack(0x000000cdee500000,0x000000cdee600000)]
  0x0000029c583a8800 JavaThread "Memory manager" [_thread_blocked, id=7080, stack(0x000000cdea800000,0x000000cdea900000)]

Other Threads:
=>0x0000029c51b4d000 VMThread "VM Thread" [stack: 0x000000cde9300000,0x000000cde9400000] [id=10244]
  0x0000029c5268b800 WatcherThread [stack: 0x000000cde9d00000,0x000000cde9e00000] [id=6812]
  0x0000029c377d5000 GCTaskThread "GC Thread#0" [stack: 0x000000cde8e00000,0x000000cde8f00000] [id=6180]
  0x0000029c52e0c000 GCTaskThread "GC Thread#1" [stack: 0x000000cde9e00000,0x000000cde9f00000] [id=8760]
  0x0000029c52a1d000 GCTaskThread "GC Thread#2" [stack: 0x000000cde9f00000,0x000000cdea000000] [id=9436]
  0x0000029c5265e800 GCTaskThread "GC Thread#3" [stack: 0x000000cdeaa00000,0x000000cdeab00000] [id=7872]
  0x0000029c37806000 ConcurrentGCThread "G1 Main Marker" [stack: 0x000000cde8f00000,0x000000cde9000000] [id=4728]
  0x0000029c37808800 ConcurrentGCThread "G1 Conc#0" [stack: 0x000000cde9000000,0x000000cde9100000] [id=9480]
  0x0000029c37896800 ConcurrentGCThread "G1 Refine#0" [stack: 0x000000cde9100000,0x000000cde9200000] [id=8596]
  0x0000029c37897800 ConcurrentGCThread "G1 Young RemSet Sampling" [stack: 0x000000cde9200000,0x000000cde9300000] [id=3348]

Threads with active compile tasks:
C2 CompilerThread0 131026 8696       4       java.util.Collections$UnmodifiableCollection::iterator (9 bytes)
C1 CompilerThread0 131026 8697       3       java.lang.String::toUpperCase (8 bytes)

VM state:at safepoint (normal execution)

VM Mutex/Monitor currently owned by a thread:  ([mutex/lock_event])
[0x0000029c377b81e0] Threads_lock - owner thread: 0x0000029c51b4d000
[0x0000029c377b7f10] Heap_lock - owner thread: 0x0000029c547d7000

Heap address: 0x0000000080000000, size: 2048 MB, Compressed Oops mode: 32-bit
Narrow klass base: 0x0000000000000000, Narrow klass shift: 3
Compressed class space size: 1073741824 Address: 0x0000000100000000

Heap:
 garbage-first heap   total 351232K, used 116363K [0x0000000080000000, 0x0000000100000000)
  region size 1024K, 2 young (2048K), 2 survivors (2048K)
 Metaspace       used 79130K, capacity 81085K, committed 81276K, reserved 1120256K
  class space    used 9960K, capacity 10654K, committed 10700K, reserved 1048576K
Heap Regions: E=young(eden), S=young(survivor), O=old, HS=humongous(starts), HC=humongous(continues), CS=collection set, F=free, A=archive, TAMS=top-at-mark-start (previous, next)
|   0|0x0000000080000000, 0x0000000080100000, 0x0000000080100000|100%|HS|  |TAMS 0x0000000080100000, 0x0000000080000000| Complete 
|   1|0x0000000080100000, 0x0000000080200000, 0x0000000080200000|100%|HC|  |TAMS 0x0000000080200000, 0x0000000080100000| Complete 
|   2|0x0000000080200000, 0x0000000080300000, 0x0000000080300000|100%|HC|  |TAMS 0x0000000080300000, 0x0000000080200000| Complete 
|   3|0x0000000080300000, 0x0000000080400000, 0x0000000080400000|100%| O|  |TAMS 0x0000000080400000, 0x0000000080300000| Untracked 
|   4|0x0000000080400000, 0x0000000080500000, 0x0000000080500000|100%| O|  |TAMS 0x0000000080500000, 0x0000000080400000| Untracked 
|   5|0x0000000080500000, 0x0000000080600000, 0x0000000080600000|100%| O|  |TAMS 0x0000000080600000, 0x0000000080500000| Untracked 
|   6|0x0000000080600000, 0x0000000080700000, 0x0000000080700000|100%| O|  |TAMS 0x0000000080700000, 0x0000000080600000| Untracked 
|   7|0x0000000080700000, 0x0000000080800000, 0x0000000080800000|100%| O|  |TAMS 0x0000000080800000, 0x0000000080700000| Untracked 
|   8|0x0000000080800000, 0x0000000080900000, 0x0000000080900000|100%| O|  |TAMS 0x0000000080900000, 0x0000000080800000| Untracked 
|   9|0x0000000080900000, 0x0000000080a00000, 0x0000000080a00000|100%| O|  |TAMS 0x0000000080a00000, 0x0000000080900000| Untracked 
|  10|0x0000000080a00000, 0x0000000080b00000, 0x0000000080b00000|100%| O|  |TAMS 0x0000000080b00000, 0x0000000080a00000| Untracked 
|  11|0x0000000080b00000, 0x0000000080c00000, 0x0000000080c00000|100%| O|  |TAMS 0x0000000080c00000, 0x0000000080b00000| Untracked 
|  12|0x0000000080c00000, 0x0000000080d00000, 0x0000000080d00000|100%| O|  |TAMS 0x0000000080d00000, 0x0000000080c00000| Untracked 
|  13|0x0000000080d00000, 0x0000000080e00000, 0x0000000080e00000|100%| O|  |TAMS 0x0000000080e00000, 0x0000000080d00000| Untracked 
|  14|0x0000000080e00000, 0x0000000080f00000, 0x0000000080f00000|100%| O|  |TAMS 0x0000000080f00000, 0x0000000080e00000| Untracked 
|  15|0x0000000080f00000, 0x0000000081000000, 0x0000000081000000|100%| O|  |TAMS 0x0000000081000000, 0x0000000080f00000| Untracked 
|  16|0x0000000081000000, 0x0000000081100000, 0x0000000081100000|100%| O|  |TAMS 0x0000000081100000, 0x0000000081000000| Untracked 
|  17|0x0000000081100000, 0x0000000081200000, 0x0000000081200000|100%|HS|  |TAMS 0x0000000081200000, 0x0000000081100000| Complete 
|  18|0x0000000081200000, 0x0000000081300000, 0x0000000081300000|100%|HC|  |TAMS 0x0000000081300000, 0x0000000081200000| Complete 
|  19|0x0000000081300000, 0x0000000081400000, 0x0000000081400000|100%|HS|  |TAMS 0x0000000081400000, 0x0000000081300000| Complete 
|  20|0x0000000081400000, 0x0000000081500000, 0x0000000081500000|100%|HC|  |TAMS 0x0000000081500000, 0x0000000081400000| Complete 
|  21|0x0000000081500000, 0x0000000081600000, 0x0000000081600000|100%|HC|  |TAMS 0x0000000081600000, 0x0000000081500000| Complete 
|  22|0x0000000081600000, 0x0000000081700000, 0x0000000081700000|100%|HS|  |TAMS 0x0000000081700000, 0x0000000081600000| Complete 
|  23|0x0000000081700000, 0x0000000081800000, 0x0000000081800000|100%|HC|  |TAMS 0x0000000081800000, 0x0000000081700000| Complete 
|  24|0x0000000081800000, 0x0000000081900000, 0x0000000081900000|100%|HC|  |TAMS 0x0000000081900000, 0x0000000081800000| Complete 
|  25|0x0000000081900000, 0x0000000081a00000, 0x0000000081a00000|100%|HS|  |TAMS 0x0000000081a00000, 0x0000000081900000| Complete 
|  26|0x0000000081a00000, 0x0000000081b00000, 0x0000000081b00000|100%|HC|  |TAMS 0x0000000081b00000, 0x0000000081a00000| Complete 
|  27|0x0000000081b00000, 0x0000000081c00000, 0x0000000081c00000|100%|HC|  |TAMS 0x0000000081c00000, 0x0000000081b00000| Complete 
|  28|0x0000000081c00000, 0x0000000081d00000, 0x0000000081d00000|100%|HC|  |TAMS 0x0000000081d00000, 0x0000000081c00000| Complete 
|  29|0x0000000081d00000, 0x0000000081e00000, 0x0000000081e00000|100%|HS|  |TAMS 0x0000000081e00000, 0x0000000081d00000| Complete 
|  30|0x0000000081e00000, 0x0000000081f00000, 0x0000000081f00000|100%|HC|  |TAMS 0x0000000081f00000, 0x0000000081e00000| Complete 
|  31|0x0000000081f00000, 0x0000000082000000, 0x0000000082000000|100%|HC|  |TAMS 0x0000000082000000, 0x0000000081f00000| Complete 
|  32|0x0000000082000000, 0x0000000082100000, 0x0000000082100000|100%|HC|  |TAMS 0x0000000082100000, 0x0000000082000000| Complete 
|  33|0x0000000082100000, 0x0000000082200000, 0x0000000082200000|100%|HC|  |TAMS 0x0000000082200000, 0x0000000082100000| Complete 
|  34|0x0000000082200000, 0x0000000082300000, 0x0000000082300000|100%| O|  |TAMS 0x0000000082300000, 0x0000000082200000| Untracked 
|  35|0x0000000082300000, 0x0000000082400000, 0x0000000082400000|100%| O|  |TAMS 0x0000000082400000, 0x0000000082300000| Untracked 
|  36|0x0000000082400000, 0x0000000082500000, 0x0000000082500000|100%| O|  |TAMS 0x0000000082500000, 0x0000000082400000| Untracked 
|  37|0x0000000082500000, 0x0000000082600000, 0x0000000082600000|100%| O|  |TAMS 0x0000000082600000, 0x0000000082500000| Untracked 
|  38|0x0000000082600000, 0x0000000082700000, 0x0000000082700000|100%| O|  |TAMS 0x0000000082700000, 0x0000000082600000| Untracked 
|  39|0x0000000082700000, 0x0000000082800000, 0x0000000082800000|100%| O|  |TAMS 0x0000000082800000, 0x0000000082700000| Untracked 
|  40|0x0000000082800000, 0x0000000082900000, 0x0000000082900000|100%| O|  |TAMS 0x0000000082900000, 0x0000000082800000| Untracked 
|  41|0x0000000082900000, 0x0000000082a00000, 0x0000000082a00000|100%| O|  |TAMS 0x0000000082a00000, 0x0000000082900000| Untracked 
|  42|0x0000000082a00000, 0x0000000082b00000, 0x0000000082b00000|100%| O|  |TAMS 0x0000000082b00000, 0x0000000082a00000| Untracked 
|  43|0x0000000082b00000, 0x0000000082c00000, 0x0000000082c00000|100%| O|  |TAMS 0x0000000082c00000, 0x0000000082b00000| Untracked 
|  44|0x0000000082c00000, 0x0000000082d00000, 0x0000000082d00000|100%| O|  |TAMS 0x0000000082d00000, 0x0000000082c00000| Untracked 
|  45|0x0000000082d00000, 0x0000000082e00000, 0x0000000082e00000|100%| O|  |TAMS 0x0000000082e00000, 0x0000000082d00000| Untracked 
|  46|0x0000000082e00000, 0x0000000082f00000, 0x0000000082f00000|100%| O|  |TAMS 0x0000000082f00000, 0x0000000082e00000| Untracked 
|  47|0x0000000082f00000, 0x0000000083000000, 0x0000000083000000|100%|HS|  |TAMS 0x0000000083000000, 0x0000000082f00000| Complete 
|  48|0x0000000083000000, 0x0000000083100000, 0x0000000083100000|100%|HC|  |TAMS 0x0000000083100000, 0x0000000083000000| Complete 
|  49|0x0000000083100000, 0x0000000083200000, 0x0000000083200000|100%|HC|  |TAMS 0x0000000083200000, 0x0000000083100000| Complete 
|  50|0x0000000083200000, 0x0000000083300000, 0x0000000083300000|100%|HC|  |TAMS 0x0000000083300000, 0x0000000083200000| Complete 
|  51|0x0000000083300000, 0x0000000083400000, 0x0000000083400000|100%|HS|  |TAMS 0x0000000083400000, 0x0000000083300000| Complete 
|  52|0x0000000083400000, 0x0000000083500000, 0x0000000083500000|100%|HC|  |TAMS 0x0000000083500000, 0x0000000083400000| Complete 
|  53|0x0000000083500000, 0x0000000083600000, 0x0000000083600000|100%|HC|  |TAMS 0x0000000083600000, 0x0000000083500000| Complete 
|  54|0x0000000083600000, 0x0000000083700000, 0x0000000083700000|100%|HS|  |TAMS 0x0000000083700000, 0x0000000083600000| Complete 
|  55|0x0000000083700000, 0x0000000083800000, 0x0000000083800000|100%|HC|  |TAMS 0x0000000083800000, 0x0000000083700000| Complete 
|  56|0x0000000083800000, 0x0000000083900000, 0x0000000083900000|100%| O|  |TAMS 0x0000000083900000, 0x0000000083800000| Untracked 
|  57|0x0000000083900000, 0x0000000083a00000, 0x0000000083a00000|100%| O|  |TAMS 0x0000000083a00000, 0x0000000083900000| Untracked 
|  58|0x0000000083a00000, 0x0000000083b00000, 0x0000000083b00000|100%| O|  |TAMS 0x0000000083b00000, 0x0000000083a00000| Untracked 
|  59|0x0000000083b00000, 0x0000000083c00000, 0x0000000083c00000|100%| O|  |TAMS 0x0000000083c00000, 0x0000000083b00000| Untracked 
|  60|0x0000000083c00000, 0x0000000083d00000, 0x0000000083d00000|100%|HS|  |TAMS 0x0000000083d00000, 0x0000000083c00000| Complete 
|  61|0x0000000083d00000, 0x0000000083e00000, 0x0000000083e00000|100%|HC|  |TAMS 0x0000000083e00000, 0x0000000083d00000| Complete 
|  62|0x0000000083e00000, 0x0000000083f00000, 0x0000000083f00000|100%|HC|  |TAMS 0x0000000083f00000, 0x0000000083e00000| Complete 
|  63|0x0000000083f00000, 0x0000000084000000, 0x0000000084000000|100%| O|  |TAMS 0x0000000084000000, 0x0000000083f00000| Untracked 
|  64|0x0000000084000000, 0x0000000084100000, 0x0000000084100000|100%| O|  |TAMS 0x0000000084100000, 0x0000000084000000| Untracked 
|  65|0x0000000084100000, 0x0000000084200000, 0x0000000084200000|100%| O|  |TAMS 0x0000000084200000, 0x0000000084100000| Untracked 
|  66|0x0000000084200000, 0x0000000084300000, 0x0000000084300000|100%| O|  |TAMS 0x0000000084300000, 0x0000000084200000| Untracked 
|  67|0x0000000084300000, 0x0000000084400000, 0x0000000084400000|100%|HS|  |TAMS 0x0000000084400000, 0x0000000084300000| Complete 
|  68|0x0000000084400000, 0x0000000084500000, 0x0000000084500000|100%|HC|  |TAMS 0x0000000084500000, 0x0000000084400000| Complete 
|  69|0x0000000084500000, 0x0000000084600000, 0x0000000084600000|100%|HC|  |TAMS 0x0000000084600000, 0x0000000084500000| Complete 
|  70|0x0000000084600000, 0x0000000084700000, 0x0000000084700000|100%|HC|  |TAMS 0x0000000084700000, 0x0000000084600000| Complete 
|  71|0x0000000084700000, 0x0000000084800000, 0x0000000084800000|100%|HC|  |TAMS 0x0000000084800000, 0x0000000084700000| Complete 
|  72|0x0000000084800000, 0x0000000084900000, 0x0000000084900000|100%| O|  |TAMS 0x0000000084900000, 0x0000000084800000| Untracked 
|  73|0x0000000084900000, 0x0000000084a00000, 0x0000000084a00000|100%| O|  |TAMS 0x0000000084a00000, 0x0000000084900000| Untracked 
|  74|0x0000000084a00000, 0x0000000084b00000, 0x0000000084b00000|100%| O|  |TAMS 0x0000000084b00000, 0x0000000084a00000| Untracked 
|  75|0x0000000084b00000, 0x0000000084c00000, 0x0000000084c00000|100%| O|  |TAMS 0x0000000084c00000, 0x0000000084b00000| Untracked 
|  76|0x0000000084c00000, 0x0000000084d00000, 0x0000000084d00000|100%| O|  |TAMS 0x0000000084d00000, 0x0000000084c00000| Untracked 
|  77|0x0000000084d00000, 0x0000000084e00000, 0x0000000084e00000|100%| O|  |TAMS 0x0000000084e00000, 0x0000000084d00000| Untracked 
|  78|0x0000000084e00000, 0x0000000084e00000, 0x0000000084f00000|  0%| F|  |TAMS 0x0000000084e00000, 0x0000000084e00000| Untracked 
|  79|0x0000000084f00000, 0x0000000085000000, 0x0000000085000000|100%| O|  |TAMS 0x0000000085000000, 0x0000000084f00000| Untracked 
|  80|0x0000000085000000, 0x0000000085100000, 0x0000000085100000|100%| O|  |TAMS 0x0000000085100000, 0x0000000085000000| Untracked 
|  81|0x0000000085100000, 0x0000000085200000, 0x0000000085200000|100%|HS|  |TAMS 0x0000000085200000, 0x0000000085100000| Complete 
|  82|0x0000000085200000, 0x0000000085300000, 0x0000000085300000|100%|HS|  |TAMS 0x0000000085300000, 0x0000000085200000| Complete 
|  83|0x0000000085300000, 0x0000000085400000, 0x0000000085400000|100%|HS|  |TAMS 0x0000000085400000, 0x0000000085300000| Complete 
|  84|0x0000000085400000, 0x0000000085500000, 0x0000000085500000|100%|HS|  |TAMS 0x0000000085500000, 0x0000000085400000| Complete 
|  85|0x0000000085500000, 0x0000000085600000, 0x0000000085600000|100%|HC|  |TAMS 0x0000000085600000, 0x0000000085500000| Complete 
|  86|0x0000000085600000, 0x0000000085700000, 0x0000000085700000|100%|HC|  |TAMS 0x0000000085700000, 0x0000000085600000| Complete 
|  87|0x0000000085700000, 0x0000000085800000, 0x0000000085800000|100%| O|  |TAMS 0x0000000085800000, 0x0000000085700000| Untracked 
|  88|0x0000000085800000, 0x0000000085900000, 0x0000000085900000|100%|HS|  |TAMS 0x0000000085900000, 0x0000000085800000| Complete 
|  89|0x0000000085900000, 0x0000000085a00000, 0x0000000085a00000|100%|HC|  |TAMS 0x0000000085a00000, 0x0000000085900000| Complete 
|  90|0x0000000085a00000, 0x0000000085b00000, 0x0000000085b00000|100%| O|  |TAMS 0x0000000085b00000, 0x0000000085a00000| Untracked 
|  91|0x0000000085b00000, 0x0000000085c00000, 0x0000000085c00000|100%| O|  |TAMS 0x0000000085c00000, 0x0000000085b00000| Untracked 
|  92|0x0000000085c00000, 0x0000000085d00000, 0x0000000085d00000|100%| O|  |TAMS 0x0000000085d00000, 0x0000000085c00000| Untracked 
|  93|0x0000000085d00000, 0x0000000085e00000, 0x0000000085e00000|100%| O|  |TAMS 0x0000000085e00000, 0x0000000085d00000| Untracked 
|  94|0x0000000085e00000, 0x0000000085f00000, 0x0000000085f00000|100%| O|  |TAMS 0x0000000085f00000, 0x0000000085e00000| Untracked 
|  95|0x0000000085f00000, 0x0000000086000000, 0x0000000086000000|100%| O|  |TAMS 0x0000000086000000, 0x0000000085f00000| Untracked 
|  96|0x0000000086000000, 0x0000000086100000, 0x0000000086100000|100%| O|  |TAMS 0x0000000086100000, 0x0000000086000000| Untracked 
|  97|0x0000000086100000, 0x0000000086200000, 0x0000000086200000|100%| O|  |TAMS 0x0000000086200000, 0x0000000086100000| Untracked 
|  98|0x0000000086200000, 0x0000000086300000, 0x0000000086300000|100%| O|  |TAMS 0x0000000086300000, 0x0000000086200000| Untracked 
|  99|0x0000000086300000, 0x0000000086400000, 0x0000000086400000|100%| O|  |TAMS 0x0000000086400000, 0x0000000086300000| Untracked 
| 100|0x0000000086400000, 0x0000000086500000, 0x0000000086500000|100%| O|  |TAMS 0x0000000086500000, 0x0000000086400000| Untracked 
| 101|0x0000000086500000, 0x0000000086600000, 0x0000000086600000|100%| O|  |TAMS 0x0000000086600000, 0x0000000086500000| Untracked 
| 102|0x0000000086600000, 0x0000000086700000, 0x0000000086700000|100%| O|  |TAMS 0x0000000086700000, 0x0000000086600000| Untracked 
| 103|0x0000000086700000, 0x0000000086800000, 0x0000000086800000|100%| O|  |TAMS 0x0000000086800000, 0x0000000086700000| Untracked 
| 104|0x0000000086800000, 0x0000000086900000, 0x0000000086900000|100%| O|  |TAMS 0x0000000086900000, 0x0000000086800000| Untracked 
| 105|0x0000000086900000, 0x0000000086a00000, 0x0000000086a00000|100%| O|  |TAMS 0x0000000086a00000, 0x0000000086900000| Untracked 
| 106|0x0000000086a00000, 0x0000000086b00000, 0x0000000086b00000|100%| O|  |TAMS 0x0000000086b00000, 0x0000000086a00000| Untracked 
| 107|0x0000000086b00000, 0x0000000086c00000, 0x0000000086c00000|100%| O|  |TAMS 0x0000000086c00000, 0x0000000086b00000| Untracked 
| 108|0x0000000086c00000, 0x0000000086c00000, 0x0000000086d00000|  0%| F|  |TAMS 0x0000000086c00000, 0x0000000086c00000| Untracked 
| 109|0x0000000086d00000, 0x0000000086e00000, 0x0000000086e00000|100%| O|  |TAMS 0x0000000086e00000, 0x0000000086d00000| Untracked 
| 110|0x0000000086e00000, 0x0000000086f00000, 0x0000000086f00000|100%| O|  |TAMS 0x0000000086e1e800, 0x0000000086e00000| Untracked 
| 111|0x0000000086f00000, 0x0000000087000000, 0x0000000087000000|100%| O|  |TAMS 0x0000000087000000, 0x0000000086f00000| Untracked 
| 112|0x0000000087000000, 0x0000000087100000, 0x0000000087100000|100%| O|  |TAMS 0x0000000087000000, 0x0000000087000000| Untracked 
| 113|0x0000000087100000, 0x0000000087200000, 0x0000000087200000|100%| O|  |TAMS 0x0000000087100000, 0x0000000087100000| Untracked 
| 114|0x0000000087200000, 0x0000000087278a00, 0x0000000087300000| 47%| O|  |TAMS 0x0000000087200000, 0x0000000087200000| Untracked 
| 115|0x0000000087300000, 0x0000000087300000, 0x0000000087400000|  0%| F|  |TAMS 0x0000000087300000, 0x0000000087300000| Untracked 
| 116|0x0000000087400000, 0x0000000087400000, 0x0000000087500000|  0%| F|  |TAMS 0x0000000087400000, 0x0000000087400000| Untracked 
| 117|0x0000000087500000, 0x0000000087500000, 0x0000000087600000|  0%| F|  |TAMS 0x0000000087500000, 0x0000000087500000| Untracked 
| 118|0x0000000087600000, 0x0000000087600000, 0x0000000087700000|  0%| F|  |TAMS 0x0000000087600000, 0x0000000087600000| Untracked 
| 119|0x0000000087700000, 0x0000000087700000, 0x0000000087800000|  0%| F|  |TAMS 0x0000000087700000, 0x0000000087700000| Untracked 
| 120|0x0000000087800000, 0x0000000087800000, 0x0000000087900000|  0%| F|  |TAMS 0x0000000087800000, 0x0000000087800000| Untracked 
| 121|0x0000000087900000, 0x0000000087900000, 0x0000000087a00000|  0%| F|  |TAMS 0x0000000087900000, 0x0000000087900000| Untracked 
| 122|0x0000000087a00000, 0x0000000087a00000, 0x0000000087b00000|  0%| F|  |TAMS 0x0000000087a00000, 0x0000000087a00000| Untracked 
| 123|0x0000000087b00000, 0x0000000087b00000, 0x0000000087c00000|  0%| F|  |TAMS 0x0000000087b00000, 0x0000000087b00000| Untracked 
| 124|0x0000000087c00000, 0x0000000087c00000, 0x0000000087d00000|  0%| F|  |TAMS 0x0000000087c00000, 0x0000000087c00000| Untracked 
| 125|0x0000000087d00000, 0x0000000087d00000, 0x0000000087e00000|  0%| F|  |TAMS 0x0000000087d00000, 0x0000000087d00000| Untracked 
| 126|0x0000000087e00000, 0x0000000087e00000, 0x0000000087f00000|  0%| F|  |TAMS 0x0000000087e00000, 0x0000000087e00000| Untracked 
| 127|0x0000000087f00000, 0x0000000087f00000, 0x0000000088000000|  0%| F|  |TAMS 0x0000000087f00000, 0x0000000087f00000| Untracked 
| 128|0x0000000088000000, 0x0000000088000000, 0x0000000088100000|  0%| F|  |TAMS 0x0000000088000000, 0x0000000088000000| Untracked 
| 129|0x0000000088100000, 0x0000000088100000, 0x0000000088200000|  0%| F|  |TAMS 0x0000000088100000, 0x0000000088100000| Untracked 
| 130|0x0000000088200000, 0x0000000088200000, 0x0000000088300000|  0%| F|  |TAMS 0x0000000088200000, 0x0000000088200000| Untracked 
| 131|0x0000000088300000, 0x0000000088300000, 0x0000000088400000|  0%| F|  |TAMS 0x0000000088300000, 0x0000000088300000| Untracked 
| 132|0x0000000088400000, 0x0000000088400000, 0x0000000088500000|  0%| F|  |TAMS 0x0000000088400000, 0x0000000088400000| Untracked 
| 133|0x0000000088500000, 0x0000000088500000, 0x0000000088600000|  0%| F|  |TAMS 0x0000000088500000, 0x0000000088500000| Untracked 
| 134|0x0000000088600000, 0x0000000088600000, 0x0000000088700000|  0%| F|  |TAMS 0x0000000088600000, 0x0000000088600000| Untracked 
| 135|0x0000000088700000, 0x0000000088700000, 0x0000000088800000|  0%| F|  |TAMS 0x0000000088700000, 0x0000000088700000| Untracked 
| 136|0x0000000088800000, 0x0000000088800000, 0x0000000088900000|  0%| F|  |TAMS 0x0000000088800000, 0x0000000088800000| Untracked 
| 137|0x0000000088900000, 0x0000000088900000, 0x0000000088a00000|  0%| F|  |TAMS 0x0000000088900000, 0x0000000088900000| Untracked 
| 138|0x0000000088a00000, 0x0000000088a00000, 0x0000000088b00000|  0%| F|  |TAMS 0x0000000088a00000, 0x0000000088a00000| Untracked 
| 139|0x0000000088b00000, 0x0000000088b00000, 0x0000000088c00000|  0%| F|  |TAMS 0x0000000088b00000, 0x0000000088b00000| Untracked 
| 140|0x0000000088c00000, 0x0000000088c00000, 0x0000000088d00000|  0%| F|  |TAMS 0x0000000088c00000, 0x0000000088c00000| Untracked 
| 141|0x0000000088d00000, 0x0000000088d2a588, 0x0000000088e00000| 16%| S|CS|TAMS 0x0000000088d00000, 0x0000000088d00000| Complete 
| 142|0x0000000088e00000, 0x0000000088f00000, 0x0000000088f00000|100%| S|CS|TAMS 0x0000000088e00000, 0x0000000088e00000| Complete 
| 143|0x0000000088f00000, 0x0000000088f00000, 0x0000000089000000|  0%| F|  |TAMS 0x0000000088f00000, 0x0000000088f00000| Untracked 
| 144|0x0000000089000000, 0x0000000089000000, 0x0000000089100000|  0%| F|  |TAMS 0x0000000089000000, 0x0000000089000000| Untracked 
| 145|0x0000000089100000, 0x0000000089100000, 0x0000000089200000|  0%| F|  |TAMS 0x0000000089100000, 0x0000000089100000| Untracked 
| 146|0x0000000089200000, 0x0000000089200000, 0x0000000089300000|  0%| F|  |TAMS 0x0000000089200000, 0x0000000089200000| Untracked 
| 147|0x0000000089300000, 0x0000000089300000, 0x0000000089400000|  0%| F|  |TAMS 0x0000000089300000, 0x0000000089300000| Untracked 
| 148|0x0000000089400000, 0x0000000089400000, 0x0000000089500000|  0%| F|  |TAMS 0x0000000089400000, 0x0000000089400000| Untracked 
| 149|0x0000000089500000, 0x0000000089500000, 0x0000000089600000|  0%| F|  |TAMS 0x0000000089500000, 0x0000000089500000| Untracked 
| 150|0x0000000089600000, 0x0000000089600000, 0x0000000089700000|  0%| F|  |TAMS 0x0000000089600000, 0x0000000089600000| Untracked 
| 151|0x0000000089700000, 0x0000000089700000, 0x0000000089800000|  0%| F|  |TAMS 0x0000000089700000, 0x0000000089700000| Untracked 

Card table byte_map: [0x0000029c4ad00000,0x0000029c4b100000] _byte_map_base: 0x0000029c4a900000

Marking Bits (Prev, Next): (CMBitMap*) 0x0000029c377fd6c8, (CMBitMap*) 0x0000029c377fd700
 Prev Bits: [0x0000029c4b500000, 0x0000029c4d500000)
 Next Bits: [0x0000029c4d500000, 0x0000029c4f500000)

Polling page: 0x0000029c35f90000

Metaspace:

Usage:
  Non-class:     68.78 MB capacity,    67.55 MB ( 98%) used,     1.03 MB (  2%) free+waste,   203.44 KB ( <1%) overhead. 
      Class:     10.40 MB capacity,     9.73 MB ( 93%) used,   599.66 KB (  6%) free+waste,    94.00 KB ( <1%) overhead. 
       Both:     79.18 MB capacity,    77.28 MB ( 98%) used,     1.62 MB (  2%) free+waste,   297.44 KB ( <1%) overhead. 

Virtual space:
  Non-class space:       70.00 MB reserved,      68.92 MB ( 98%) committed 
      Class space:        1.00 GB reserved,      10.45 MB (  1%) committed 
             Both:        1.07 GB reserved,      79.37 MB (  7%) committed 

Chunk freelists:
   Non-Class:  17.00 KB
       Class:  34.00 KB
        Both:  51.00 KB

MaxMetaspaceSize: 17179869184.00 GB
CompressedClassSpaceSize: 1.00 GB
Initial GC threshold: 20.80 MB
Current GC threshold: 130.00 MB
CDS: off

CodeHeap 'non-profiled nmethods': size=120064Kb used=5970Kb max_used=5970Kb free=114094Kb
 bounds [0x0000029c42da0000, 0x0000029c43380000, 0x0000029c4a2e0000]
CodeHeap 'profiled nmethods': size=120000Kb used=18837Kb max_used=18837Kb free=101162Kb
 bounds [0x0000029c3b870000, 0x0000029c3cae0000, 0x0000029c42da0000]
CodeHeap 'non-nmethods': size=5696Kb used=2376Kb max_used=2428Kb free=3320Kb
 bounds [0x0000029c3b2e0000, 0x0000029c3b550000, 0x0000029c3b870000]
 total_blobs=9478 nmethods=8592 adapters=796
 compilation: enabled
              stopped_count=0, restarted_count=0
 full_count=0

Compilation events (20 events):
Event: 129.344 Thread 0x0000029c52524800 8687       1       com.android.build.gradle.internal.publishing.OutputSpecImpl::getPublishedConfigTypes (5 bytes)
Event: 129.344 Thread 0x0000029c52524800 nmethod 8687 0x0000029c43372e90 code [0x0000029c43373040, 0x0000029c433730f8]
Event: 129.410 Thread 0x0000029c52524800 8688       1       com.google.common.collect.SingletonImmutableList::size (2 bytes)
Event: 129.410 Thread 0x0000029c52524800 nmethod 8688 0x0000029c43373190 code [0x0000029c43373340, 0x0000029c433733f8]
Event: 129.413 Thread 0x0000029c52524800 8689       3       org.gradle.api.internal.provider.AbstractMinimalProvider::calculateValue (15 bytes)
Event: 129.413 Thread 0x0000029c52524800 nmethod 8689 0x0000029c3cad4890 code [0x0000029c3cad4a60, 0x0000029c3cad4da8]
Event: 129.413 Thread 0x0000029c52524800 8690       3       org.gradle.api.internal.provider.ValueSupplier$Present::pushWhenMissing (2 bytes)
Event: 129.413 Thread 0x0000029c52524800 nmethod 8690 0x0000029c3cad4e90 code [0x0000029c3cad5040, 0x0000029c3cad5138]
Event: 129.446 Thread 0x0000029c51b76000 8691       4       org.gradle.launcher.daemon.server.exec.DaemonConnectionBackedEventConsumer$ForwardEvents::moreMessagesToSend (35 bytes)
Event: 129.447 Thread 0x0000029c51b76000 nmethod 8691 0x0000029c43373490 code [0x0000029c43373620, 0x0000029c433736b8]
Event: 129.541 Thread 0x0000029c51b76000 8692       4       org.gradle.internal.reflect.PropertyAccessorType::of (95 bytes)
Event: 129.569 Thread 0x0000029c51b76000 nmethod 8692 0x0000029c43373790 code [0x0000029c43373960, 0x0000029c43373d38]
Event: 130.135 Thread 0x0000029c51b76000 8693       4       java.lang.CharacterDataLatin1::isUpperCase (20 bytes)
Event: 130.136 Thread 0x0000029c51b76000 nmethod 8693 0x0000029c43374210 code [0x0000029c433743a0, 0x0000029c43374438]
Event: 130.136 Thread 0x0000029c51b76000 8694       4       java.lang.CharacterDataLatin1::isOtherUppercase (18 bytes)
Event: 130.137 Thread 0x0000029c51b76000 nmethod 8694 0x0000029c43374510 code [0x0000029c433746a0, 0x0000029c43374738]
Event: 130.140 Thread 0x0000029c52524800 8695       3       org.gradle.internal.reflect.MutableClassDetails::getProperties (10 bytes)
Event: 130.140 Thread 0x0000029c51b76000 8696       4       java.util.Collections$UnmodifiableCollection::iterator (9 bytes)
Event: 130.141 Thread 0x0000029c52524800 nmethod 8695 0x0000029c3cad5210 code [0x0000029c3cad53c0, 0x0000029c3cad5588]
Event: 130.144 Thread 0x0000029c52524800 8697       3       java.lang.String::toUpperCase (8 bytes)

GC Heap History (20 events):
Event: 114.487 GC heap after
{Heap after GC invocations=79 (full 0):
 garbage-first heap   total 129024K, used 110305K [0x0000000080000000, 0x0000000100000000)
  region size 1024K, 1 young (1024K), 1 survivors (1024K)
 Metaspace       used 76547K, capacity 78486K, committed 78716K, reserved 1118208K
  class space    used 9672K, capacity 10345K, committed 10444K, reserved 1048576K
}
Event: 114.858 GC heap before
{Heap before GC invocations=80 (full 0):
 garbage-first heap   total 129024K, used 115425K [0x0000000080000000, 0x0000000100000000)
  region size 1024K, 6 young (6144K), 1 survivors (1024K)
 Metaspace       used 76761K, capacity 78674K, committed 78972K, reserved 1118208K
  class space    used 9701K, capacity 10386K, committed 10444K, reserved 1048576K
}
Event: 114.864 GC heap after
{Heap after GC invocations=81 (full 0):
 garbage-first heap   total 129024K, used 110792K [0x0000000080000000, 0x0000000100000000)
  region size 1024K, 1 young (1024K), 1 survivors (1024K)
 Metaspace       used 76761K, capacity 78674K, committed 78972K, reserved 1118208K
  class space    used 9701K, capacity 10386K, committed 10444K, reserved 1048576K
}
Event: 116.952 GC heap before
{Heap before GC invocations=81 (full 0):
 garbage-first heap   total 129024K, used 115912K [0x0000000080000000, 0x0000000100000000)
  region size 1024K, 6 young (6144K), 1 survivors (1024K)
 Metaspace       used 77203K, capacity 79155K, committed 79356K, reserved 1118208K
  class space    used 9747K, capacity 10460K, committed 10572K, reserved 1048576K
}
Event: 116.960 GC heap after
{Heap after GC invocations=82 (full 0):
 garbage-first heap   total 129024K, used 111203K [0x0000000080000000, 0x0000000100000000)
  region size 1024K, 1 young (1024K), 1 survivors (1024K)
 Metaspace       used 77203K, capacity 79155K, committed 79356K, reserved 1118208K
  class space    used 9747K, capacity 10460K, committed 10572K, reserved 1048576K
}
Event: 119.421 GC heap before
{Heap before GC invocations=83 (full 0):
 garbage-first heap   total 129024K, used 115299K [0x0000000080000000, 0x0000000100000000)
  region size 1024K, 6 young (6144K), 1 survivors (1024K)
 Metaspace       used 77302K, capacity 79299K, committed 79612K, reserved 1118208K
  class space    used 9751K, capacity 10464K, committed 10572K, reserved 1048576K
}
Event: 119.430 GC heap after
{Heap after GC invocations=84 (full 0):
 garbage-first heap   total 155648K, used 111784K [0x0000000080000000, 0x0000000100000000)
  region size 1024K, 1 young (1024K), 1 survivors (1024K)
 Metaspace       used 77302K, capacity 79299K, committed 79612K, reserved 1118208K
  class space    used 9751K, capacity 10464K, committed 10572K, reserved 1048576K
}
Event: 120.002 GC heap before
{Heap before GC invocations=84 (full 0):
 garbage-first heap   total 155648K, used 117928K [0x0000000080000000, 0x0000000100000000)
  region size 1024K, 7 young (7168K), 1 survivors (1024K)
 Metaspace       used 77413K, capacity 79395K, committed 79612K, reserved 1118208K
  class space    used 9775K, capacity 10496K, committed 10572K, reserved 1048576K
}
Event: 120.023 GC heap after
{Heap after GC invocations=85 (full 0):
 garbage-first heap   total 155648K, used 113297K [0x0000000080000000, 0x0000000100000000)
  region size 1024K, 1 young (1024K), 1 survivors (1024K)
 Metaspace       used 77413K, capacity 79395K, committed 79612K, reserved 1118208K
  class space    used 9775K, capacity 10496K, committed 10572K, reserved 1048576K
}
Event: 121.120 GC heap before
{Heap before GC invocations=85 (full 0):
 garbage-first heap   total 155648K, used 124561K [0x0000000080000000, 0x0000000100000000)
  region size 1024K, 12 young (12288K), 1 survivors (1024K)
 Metaspace       used 77425K, capacity 79465K, committed 79612K, reserved 1118208K
  class space    used 9777K, capacity 10498K, committed 10572K, reserved 1048576K
}
Event: 121.128 GC heap after
{Heap after GC invocations=86 (full 0):
 garbage-first heap   total 155648K, used 113738K [0x0000000080000000, 0x0000000100000000)
  region size 1024K, 2 young (2048K), 2 survivors (2048K)
 Metaspace       used 77425K, capacity 79465K, committed 79612K, reserved 1118208K
  class space    used 9777K, capacity 10498K, committed 10572K, reserved 1048576K
}
Event: 122.256 GC heap before
{Heap before GC invocations=86 (full 0):
 garbage-first heap   total 155648K, used 126026K [0x0000000080000000, 0x0000000100000000)
  region size 1024K, 14 young (14336K), 2 survivors (2048K)
 Metaspace       used 77479K, capacity 79500K, committed 79612K, reserved 1118208K
  class space    used 9783K, capacity 10532K, committed 10572K, reserved 1048576K
}
Event: 122.299 GC heap after
{Heap after GC invocations=87 (full 0):
 garbage-first heap   total 155648K, used 114751K [0x0000000080000000, 0x0000000100000000)
  region size 1024K, 2 young (2048K), 2 survivors (2048K)
 Metaspace       used 77479K, capacity 79500K, committed 79612K, reserved 1118208K
  class space    used 9783K, capacity 10532K, committed 10572K, reserved 1048576K
}
Event: 123.403 GC heap before
{Heap before GC invocations=87 (full 0):
 garbage-first heap   total 155648K, used 127039K [0x0000000080000000, 0x0000000100000000)
  region size 1024K, 14 young (14336K), 2 survivors (2048K)
 Metaspace       used 77680K, capacity 79692K, committed 79868K, reserved 1118208K
  class space    used 9792K, capacity 10532K, committed 10572K, reserved 1048576K
}
Event: 123.411 GC heap after
{Heap after GC invocations=88 (full 0):
 garbage-first heap   total 155648K, used 115834K [0x0000000080000000, 0x0000000100000000)
  region size 1024K, 2 young (2048K), 2 survivors (2048K)
 Metaspace       used 77680K, capacity 79692K, committed 79868K, reserved 1118208K
  class space    used 9792K, capacity 10532K, committed 10572K, reserved 1048576K
}
Event: 124.379 GC heap before
{Heap before GC invocations=89 (full 0):
 garbage-first heap   total 155648K, used 128122K [0x0000000080000000, 0x0000000100000000)
  region size 1024K, 14 young (14336K), 2 survivors (2048K)
 Metaspace       used 77664K, capacity 79636K, committed 79868K, reserved 1118208K
  class space    used 9781K, capacity 10492K, committed 10572K, reserved 1048576K
}
Event: 125.090 GC heap after
{Heap after GC invocations=90 (full 0):
 garbage-first heap   total 155648K, used 116547K [0x0000000080000000, 0x0000000100000000)
  region size 1024K, 1 young (1024K), 1 survivors (1024K)
 Metaspace       used 77664K, capacity 79636K, committed 79868K, reserved 1118208K
  class space    used 9781K, capacity 10492K, committed 10572K, reserved 1048576K
}
Event: 128.270 GC heap before
{Heap before GC invocations=90 (full 0):
 garbage-first heap   total 155648K, used 121667K [0x0000000080000000, 0x0000000100000000)
  region size 1024K, 7 young (7168K), 1 survivors (1024K)
 Metaspace       used 78223K, capacity 80218K, committed 80508K, reserved 1120256K
  class space    used 9839K, capacity 10557K, committed 10700K, reserved 1048576K
}
Event: 128.288 GC heap after
{Heap after GC invocations=91 (full 0):
 garbage-first heap   total 155648K, used 115430K [0x0000000080000000, 0x0000000100000000)
  region size 1024K, 1 young (1024K), 1 survivors (1024K)
 Metaspace       used 78223K, capacity 80218K, committed 80508K, reserved 1120256K
  class space    used 9839K, capacity 10557K, committed 10700K, reserved 1048576K
}
Event: 130.144 GC heap before
{Heap before GC invocations=91 (full 0):
 garbage-first heap   total 155648K, used 123622K [0x0000000080000000, 0x0000000100000000)
  region size 1024K, 9 young (9216K), 1 survivors (1024K)
 Metaspace       used 79130K, capacity 81085K, committed 81276K, reserved 1120256K
  class space    used 9960K, capacity 10654K, committed 10700K, reserved 1048576K
}

Deoptimization events (20 events):
Event: 121.375 Thread 0x0000029c547d7000 DEOPT PACKING pc=0x0000029c4330ec68 sp=0x000000cdea6f36c0
Event: 121.375 Thread 0x0000029c547d7000 DEOPT UNPACKING pc=0x0000029c3b32a1af sp=0x000000cdea6f3678 mode 2
Event: 121.716 Thread 0x0000029c547d7000 Uncommon trap: trap_request=0xfffffff4 fr.pc=0x0000029c43324168 relative=0x00000000000068a8
Event: 121.716 Thread 0x0000029c547d7000 Uncommon trap: reason=null_check action=make_not_entrant pc=0x0000029c43324168 method=java.lang.PublicMethods$MethodList.getMostSpecific()Ljava/lang/reflect/Method; @ 41 c2
Event: 121.716 Thread 0x0000029c547d7000 DEOPT PACKING pc=0x0000029c43324168 sp=0x000000cdea6f2e50
Event: 121.716 Thread 0x0000029c547d7000 DEOPT UNPACKING pc=0x0000029c3b32a1af sp=0x000000cdea6f2ca0 mode 2
Event: 121.725 Thread 0x0000029c547d7000 Uncommon trap: trap_request=0xfffffff4 fr.pc=0x0000029c4333596c relative=0x000000000000292c
Event: 121.725 Thread 0x0000029c547d7000 Uncommon trap: reason=null_check action=make_not_entrant pc=0x0000029c4333596c method=java.lang.PublicMethods$MethodList.getMostSpecific()Ljava/lang/reflect/Method; @ 41 c2
Event: 121.725 Thread 0x0000029c547d7000 DEOPT PACKING pc=0x0000029c4333596c sp=0x000000cdea6f2d70
Event: 121.725 Thread 0x0000029c547d7000 DEOPT UNPACKING pc=0x0000029c3b32a1af sp=0x000000cdea6f2c88 mode 2
Event: 122.524 Thread 0x0000029c547d7000 Uncommon trap: trap_request=0xfffffff4 fr.pc=0x0000029c4331c908 relative=0x0000000000000a68
Event: 122.524 Thread 0x0000029c547d7000 Uncommon trap: reason=null_check action=make_not_entrant pc=0x0000029c4331c908 method=com.sun.beans.introspect.MethodInfo$MethodOrder.compare(Ljava/lang/reflect/Method;Ljava/lang/reflect/Method;)I @ 145 c2
Event: 122.524 Thread 0x0000029c547d7000 DEOPT PACKING pc=0x0000029c4331c908 sp=0x000000cdea6f1e40
Event: 122.524 Thread 0x0000029c547d7000 DEOPT UNPACKING pc=0x0000029c3b32a1af sp=0x000000cdea6f1de0 mode 2
Event: 123.626 Thread 0x0000029c547d7000 Uncommon trap: trap_request=0xffffff4d fr.pc=0x0000029c4333eb9c relative=0x0000000000002a5c
Event: 123.626 Thread 0x0000029c547d7000 Uncommon trap: reason=unstable_if action=reinterpret pc=0x0000029c4333eb9c method=java.lang.PublicMethods$MethodList.getMostSpecific()Ljava/lang/reflect/Method; @ 35 c2
Event: 123.626 Thread 0x0000029c547d7000 DEOPT PACKING pc=0x0000029c4333eb9c sp=0x000000cdea6f44c0
Event: 123.626 Thread 0x0000029c547d7000 DEOPT UNPACKING pc=0x0000029c3b32a1af sp=0x000000cdea6f43c0 mode 2
Event: 124.034 Thread 0x0000029c547d7000 DEOPT PACKING pc=0x0000029c3c17a3eb sp=0x000000cdea6f6c60
Event: 124.034 Thread 0x0000029c547d7000 DEOPT UNPACKING pc=0x0000029c3b32a95e sp=0x000000cdea6f60c0 mode 0

Classes redefined (0 events):
No events

Internal exceptions (20 events):
Event: 123.633 Thread 0x0000029c547d7000 Exception <a 'java/lang/ClassNotFoundException'{0x0000000089651d90}: com/android/build/gradle/internal/dsl/PackagingOptionsBeanInfo> (0x0000000089651d90) thrown at [./src/hotspot/share/classfile/systemDictionary.cpp, line 231]
Event: 123.634 Thread 0x0000029c547d7000 Exception <a 'java/lang/ClassNotFoundException'{0x0000000089670b28}: com/android/build/gradle/internal/dsl/PackagingOptionsCustomizer> (0x0000000089670b28) thrown at [./src/hotspot/share/classfile/systemDictionary.cpp, line 231]
Event: 123.636 Thread 0x0000029c547d7000 Exception <a 'java/lang/ClassNotFoundException'{0x000000008969bdd8}: com/android/build/gradle/internal/dsl/PackagingOptions$AgpDecoratedCustomizer> (0x000000008969bdd8) thrown at [./src/hotspot/share/classfile/systemDictionary.cpp, line 231]
Event: 123.637 Thread 0x0000029c547d7000 Exception <a 'java/lang/ClassNotFoundException'{0x00000000896d4f90}: com/android/build/gradle/internal/dsl/PackagingOptions$AgpDecorated_DecoratedCustomizer> (0x00000000896d4f90) thrown at [./src/hotspot/share/classfile/systemDictionary.cpp, line 231]
Event: 123.644 Thread 0x0000029c547d7000 Exception <a 'java/lang/ClassNotFoundException'{0x0000000089553680}: com/android/build/gradle/internal/dsl/ResourcesPackagingOptionsImpl$AgpDecorated_DecoratedBeanInfo> (0x0000000089553680) thrown at [./src/hotspot/share/classfile/systemDictionary.cpp, line 231]
Event: 123.645 Thread 0x0000029c547d7000 Exception <a 'java/lang/ClassNotFoundException'{0x0000000089578328}: com/android/build/gradle/internal/dsl/ResourcesPackagingOptionsImpl$AgpDecoratedBeanInfo> (0x0000000089578328) thrown at [./src/hotspot/share/classfile/systemDictionary.cpp, line 231]
Event: 123.646 Thread 0x0000029c547d7000 Exception <a 'java/lang/ClassNotFoundException'{0x000000008959af70}: com/android/build/gradle/internal/dsl/ResourcesPackagingOptionsImplBeanInfo> (0x000000008959af70) thrown at [./src/hotspot/share/classfile/systemDictionary.cpp, line 231]
Event: 123.647 Thread 0x0000029c547d7000 Exception <a 'java/lang/ClassNotFoundException'{0x00000000895bdf28}: com/android/build/gradle/internal/dsl/ResourcesPackagingOptionsImplCustomizer> (0x00000000895bdf28) thrown at [./src/hotspot/share/classfile/systemDictionary.cpp, line 231]
Event: 123.649 Thread 0x0000029c547d7000 Exception <a 'java/lang/ClassNotFoundException'{0x00000000895e96c8}: com/android/build/gradle/internal/dsl/ResourcesPackagingOptionsImpl$AgpDecoratedCustomizer> (0x00000000895e96c8) thrown at [./src/hotspot/share/classfile/systemDictionary.cpp, line 231]
Event: 123.921 Thread 0x0000029c547d7000 Exception <a 'java/lang/ClassNotFoundException'{0x000000008941e380}: com/android/build/gradle/internal/dsl/ResourcesPackagingOptionsImpl$AgpDecorated_DecoratedCustomizer> (0x000000008941e380) thrown at [./src/hotspot/share/classfile/systemDictionary.cpp, line 231]
Event: 123.939 Thread 0x0000029c547d7000 Exception <a 'java/lang/ClassNotFoundException'{0x000000008930b450}: com/android/build/gradle/internal/dsl/decorator/LockableSetBeanInfo> (0x000000008930b450) thrown at [./src/hotspot/share/classfile/systemDictionary.cpp, line 231]
Event: 123.939 Thread 0x0000029c547d7000 Exception <a 'java/lang/ClassNotFoundException'{0x000000008931ab88}: java/util/AbstractSetBeanInfo> (0x000000008931ab88) thrown at [./src/hotspot/share/classfile/systemDictionary.cpp, line 231]
Event: 123.940 Thread 0x0000029c547d7000 Exception <a 'java/lang/ClassNotFoundException'{0x000000008932a420}: java/util/AbstractSetCustomizer> (0x000000008932a420) thrown at [./src/hotspot/share/classfile/systemDictionary.cpp, line 231]
Event: 123.942 Thread 0x0000029c547d7000 Exception <a 'java/lang/ClassNotFoundException'{0x000000008934fd48}: com/android/build/gradle/internal/dsl/decorator/LockableSetCustomizer> (0x000000008934fd48) thrown at [./src/hotspot/share/classfile/systemDictionary.cpp, line 231]
Event: 124.036 Thread 0x0000029c547d7000 Exception <a 'java/lang/ClassNotFoundException'{0x0000000089246fd0}: groovy/lang/GString$1BeanInfo> (0x0000000089246fd0) thrown at [./src/hotspot/share/classfile/systemDictionary.cpp, line 231]
Event: 124.038 Thread 0x0000029c547d7000 Exception <a 'java/lang/ClassNotFoundException'{0x0000000089286968}: groovy/lang/GStringBeanInfo> (0x0000000089286968) thrown at [./src/hotspot/share/classfile/systemDictionary.cpp, line 231]
Event: 124.039 Thread 0x0000029c547d7000 Exception <a 'java/lang/ClassNotFoundException'{0x00000000892c6478}: groovy/lang/GStringCustomizer> (0x00000000892c6478) thrown at [./src/hotspot/share/classfile/systemDictionary.cpp, line 231]
Event: 124.042 Thread 0x0000029c547d7000 Exception <a 'java/lang/ClassNotFoundException'{0x00000000891103f0}: groovy/lang/GString$1Customizer> (0x00000000891103f0) thrown at [./src/hotspot/share/classfile/systemDictionary.cpp, line 231]
Event: 124.375 Thread 0x0000029c547d7000 Exception <a 'java/lang/ClassNotFoundException'{0x0000000088ed2500}: org/codehaus/groovy/runtime/GStringImplBeanInfo> (0x0000000088ed2500) thrown at [./src/hotspot/share/classfile/systemDictionary.cpp, line 231]
Event: 125.151 Thread 0x0000029c547d7000 Exception <a 'java/lang/ClassNotFoundException'{0x0000000089793858}: org/codehaus/groovy/runtime/GStringImplCustomizer> (0x0000000089793858) thrown at [./src/hotspot/share/classfile/systemDictionary.cpp, line 231]

Events (20 events):
Event: 130.132 loading class com/android/build/api/instrumentation/InstrumentationScope done
Event: 130.133 loading class com/android/build/gradle/internal/dsl/InstrumentationImpl
Event: 130.133 loading class com/android/build/gradle/internal/dsl/InstrumentationImpl done
Event: 130.133 loading class com/android/build/api/variant/Instrumentation
Event: 130.133 loading class com/android/build/api/variant/Instrumentation done
Event: 130.134 loading class com/android/builder/compiling/BuildConfigType
Event: 130.134 loading class com/android/builder/compiling/BuildConfigType done
Event: 130.134 loading class com/android/build/gradle/internal/publishing/AndroidArtifacts$ArtifactScope
Event: 130.134 loading class com/android/build/gradle/internal/publishing/AndroidArtifacts$ArtifactScope done
Event: 130.135 loading class com/android/build/api/component/impl/ComponentImpl$Companion
Event: 130.135 loading class com/android/build/api/component/impl/ComponentImpl$Companion done
Event: 130.137 loading class com/android/build/api/variant/BuildConfigField
Event: 130.137 loading class com/android/build/api/variant/BuildConfigField done
Event: 130.138 loading class com/android/build/gradle/internal/core/ProductFlavor
Event: 130.138 loading class com/android/build/gradle/internal/core/ProductFlavor done
Event: 130.138 loading class com/android/build/api/instrumentation/AsmClassVisitorFactory
Event: 130.138 loading class com/android/build/api/instrumentation/AsmClassVisitorFactory done
Event: 130.139 loading class com/android/build/api/variant/ResValue
Event: 130.139 loading class com/android/build/api/variant/ResValue done
Event: 130.144 Executing VM operation: G1CollectForAllocation


Dynamic libraries:
0x00007ff6412f0000 - 0x00007ff6412fa000 	C:\Program Files\Android\Android Studio\jre\bin\java.exe
0x00007ffd3e720000 - 0x00007ffd3e929000 	C:\Windows\SYSTEM32\ntdll.dll
0x00007ffd3c760000 - 0x00007ffd3c81d000 	C:\Windows\System32\KERNEL32.DLL
0x00007ffd3bc80000 - 0x00007ffd3bffc000 	C:\Windows\System32\KERNELBASE.dll
0x00007ffd3c2a0000 - 0x00007ffd3c3b1000 	C:\Windows\System32\ucrtbase.dll
0x00007ffd1dcd0000 - 0x00007ffd1dce9000 	C:\Program Files\Android\Android Studio\jre\bin\jli.dll
0x00007ffd3e000000 - 0x00007ffd3e1ad000 	C:\Windows\System32\USER32.dll
0x00007ffd3c4e0000 - 0x00007ffd3c506000 	C:\Windows\System32\win32u.dll
0x00007ffd3e210000 - 0x00007ffd3e239000 	C:\Windows\System32\GDI32.dll
0x00007ffd3c3c0000 - 0x00007ffd3c4d9000 	C:\Windows\System32\gdi32full.dll
0x00007ffd3c510000 - 0x00007ffd3c5ad000 	C:\Windows\System32\msvcp_win.dll
0x00007ffd1d650000 - 0x00007ffd1d667000 	C:\Program Files\Android\Android Studio\jre\bin\VCRUNTIME140.dll
0x00007ffd26970000 - 0x00007ffd26c15000 	C:\Windows\WinSxS\amd64_microsoft.windows.common-controls_6595b64144ccf1df_6.0.22000.120_none_9d947278b86cc467\COMCTL32.dll
0x00007ffd3cac0000 - 0x00007ffd3cb63000 	C:\Windows\System32\msvcrt.dll
0x00007ffd3d6a0000 - 0x00007ffd3d6d1000 	C:\Windows\System32\IMM32.DLL
0x00007ffd11d80000 - 0x00007ffd11e1d000 	C:\Program Files\Android\Android Studio\jre\bin\msvcp140.dll
0x00007ffcf63a0000 - 0x00007ffcf6ea2000 	C:\Program Files\Android\Android Studio\jre\bin\server\jvm.dll
0x00007ffd3d330000 - 0x00007ffd3d3de000 	C:\Windows\System32\ADVAPI32.dll
0x00007ffd3d3e0000 - 0x00007ffd3d47e000 	C:\Windows\System32\sechost.dll
0x00007ffd3dd40000 - 0x00007ffd3de60000 	C:\Windows\System32\RPCRT4.dll
0x00007ffd3e330000 - 0x00007ffd3e338000 	C:\Windows\System32\PSAPI.DLL
0x00007ffd384d0000 - 0x00007ffd384d9000 	C:\Windows\SYSTEM32\WSOCK32.dll
0x00007ffd3c5c0000 - 0x00007ffd3c62f000 	C:\Windows\System32\WS2_32.dll
0x00007ffd36e00000 - 0x00007ffd36e33000 	C:\Windows\SYSTEM32\WINMM.dll
0x00007ffd34330000 - 0x00007ffd3433a000 	C:\Windows\SYSTEM32\VERSION.dll
0x00007ffd3ada0000 - 0x00007ffd3adb8000 	C:\Windows\SYSTEM32\kernel.appcore.dll
0x00007ffd371e0000 - 0x00007ffd371f1000 	C:\Program Files\Android\Android Studio\jre\bin\verify.dll
0x00007ffd27200000 - 0x00007ffd27421000 	C:\Windows\SYSTEM32\DBGHELP.DLL
0x00007ffd27180000 - 0x00007ffd271b1000 	C:\Windows\SYSTEM32\dbgcore.DLL
0x00007ffd3bc00000 - 0x00007ffd3bc7f000 	C:\Windows\System32\bcryptPrimitives.dll
0x00007ffd2d7c0000 - 0x00007ffd2d7e9000 	C:\Program Files\Android\Android Studio\jre\bin\java.dll
0x00007ffd37780000 - 0x00007ffd3778b000 	C:\Program Files\Android\Android Studio\jre\bin\jimage.dll
0x00007ffd371c0000 - 0x00007ffd371d8000 	C:\Program Files\Android\Android Studio\jre\bin\zip.dll
0x00007ffd3cb70000 - 0x00007ffd3d328000 	C:\Windows\System32\SHELL32.dll
0x00007ffd39d30000 - 0x00007ffd3a598000 	C:\Windows\SYSTEM32\windows.storage.dll
0x00007ffd3e340000 - 0x00007ffd3e6b9000 	C:\Windows\System32\combase.dll
0x00007ffd39bc0000 - 0x00007ffd39d26000 	C:\Windows\SYSTEM32\wintypes.dll
0x00007ffd3d4e0000 - 0x00007ffd3d5ca000 	C:\Windows\System32\SHCORE.dll
0x00007ffd3e1b0000 - 0x00007ffd3e20d000 	C:\Windows\System32\shlwapi.dll
0x00007ffd3bb30000 - 0x00007ffd3bb51000 	C:\Windows\SYSTEM32\profapi.dll
0x00007ffd37190000 - 0x00007ffd371aa000 	C:\Program Files\Android\Android Studio\jre\bin\net.dll
0x00007ffd35050000 - 0x00007ffd3515c000 	C:\Windows\SYSTEM32\WINHTTP.dll
0x00007ffd3b210000 - 0x00007ffd3b277000 	C:\Windows\system32\mswsock.dll
0x00007ffd2d7a0000 - 0x00007ffd2d7b4000 	C:\Program Files\Android\Android Studio\jre\bin\nio.dll
0x00007ffd1dcf0000 - 0x00007ffd1dd17000 	C:\Users\av858\.gradle\native\e1d6ef7f7dcc3fd88c89a11ec53ec762bb8ba0a96d01ffa2cd45eb1d1d8dd5c5\windows-amd64\native-platform.dll
0x00007ffcf5cc0000 - 0x00007ffcf5e04000 	C:\Users\av858\.gradle\native\0d407fdbe67a94daf76414ababcb853783967236a71b16ec16e742cd7a986fd3\windows-amd64\native-platform-file-events.dll
0x00007ffd37130000 - 0x00007ffd3713a000 	C:\Program Files\Android\Android Studio\jre\bin\management.dll
0x00007ffd336f0000 - 0x00007ffd336fd000 	C:\Program Files\Android\Android Studio\jre\bin\management_ext.dll
0x00007ffd3b460000 - 0x00007ffd3b478000 	C:\Windows\SYSTEM32\CRYPTSP.dll
0x00007ffd3ad00000 - 0x00007ffd3ad35000 	C:\Windows\system32\rsaenh.dll
0x00007ffd3b300000 - 0x00007ffd3b329000 	C:\Windows\SYSTEM32\USERENV.dll
0x00007ffd3b5e0000 - 0x00007ffd3b607000 	C:\Windows\SYSTEM32\bcrypt.dll
0x00007ffd3b450000 - 0x00007ffd3b45c000 	C:\Windows\SYSTEM32\CRYPTBASE.dll
0x00007ffd3a8d0000 - 0x00007ffd3a8fd000 	C:\Windows\SYSTEM32\IPHLPAPI.DLL
0x00007ffd3d6e0000 - 0x00007ffd3d6e9000 	C:\Windows\System32\NSI.dll
0x00007ffd34c90000 - 0x00007ffd34ca9000 	C:\Windows\SYSTEM32\dhcpcsvc6.DLL
0x00007ffd36aa0000 - 0x00007ffd36abe000 	C:\Windows\SYSTEM32\dhcpcsvc.DLL
0x00007ffd3a900000 - 0x00007ffd3a9e8000 	C:\Windows\SYSTEM32\DNSAPI.dll

dbghelp: loaded successfully - version: 4.0.5 - missing functions: none
symbol engine: initialized successfully - sym options: 0x614 - pdb path: .;C:\Program Files\Android\Android Studio\jre\bin;C:\Windows\SYSTEM32;C:\Windows\WinSxS\amd64_microsoft.windows.common-controls_6595b64144ccf1df_6.0.22000.120_none_9d947278b86cc467;C:\Program Files\Android\Android Studio\jre\bin\server;C:\Users\av858\.gradle\native\e1d6ef7f7dcc3fd88c89a11ec53ec762bb8ba0a96d01ffa2cd45eb1d1d8dd5c5\windows-amd64;C:\Users\av858\.gradle\native\0d407fdbe67a94daf76414ababcb853783967236a71b16ec16e742cd7a986fd3\windows-amd64

VM Arguments:
jvm_args: --add-opens=java.base/java.util=ALL-UNNAMED --add-opens=java.base/java.lang=ALL-UNNAMED --add-opens=java.base/java.lang.invoke=ALL-UNNAMED --add-opens=java.base/java.util=ALL-UNNAMED --add-opens=java.prefs/java.util.prefs=ALL-UNNAMED --add-opens=java.prefs/java.util.prefs=ALL-UNNAMED --add-opens=java.base/java.nio.charset=ALL-UNNAMED --add-opens=java.base/java.net=ALL-UNNAMED --add-opens=java.base/java.util.concurrent.atomic=ALL-UNNAMED -Xmx2048m -Dfile.encoding=UTF-8 -Duser.country=IN -Duser.language=en -Duser.variant 
java_command: org.gradle.launcher.daemon.bootstrap.GradleDaemon 7.4
java_class_path (initial): C:\Users\av858\.gradle\wrapper\dists\gradle-7.4-bin\c0gwcg53nkjbqw7r0h0umtfvt\gradle-7.4\lib\gradle-launcher-7.4.jar
Launcher Type: SUN_STANDARD

[Global flags]
     intx CICompilerCount                          = 3                                         {product} {ergonomic}
     uint ConcGCThreads                            = 1                                         {product} {ergonomic}
     uint G1ConcRefinementThreads                  = 4                                         {product} {ergonomic}
   size_t G1HeapRegionSize                         = 1048576                                   {product} {ergonomic}
    uintx GCDrainStackTargetSize                   = 64                                        {product} {ergonomic}
   size_t InitialHeapSize                          = 132120576                                 {product} {ergonomic}
   size_t MarkStackSize                            = 4194304                                   {product} {ergonomic}
   size_t MaxHeapSize                              = 2147483648                                {product} {command line}
   size_t MaxNewSize                               = 1287651328                                {product} {ergonomic}
   size_t MinHeapDeltaBytes                        = 1048576                                   {product} {ergonomic}
    uintx NonNMethodCodeHeapSize                   = 5830732                                {pd product} {ergonomic}
    uintx NonProfiledCodeHeapSize                  = 122913754                              {pd product} {ergonomic}
    uintx ProfiledCodeHeapSize                     = 122913754                              {pd product} {ergonomic}
    uintx ReservedCodeCacheSize                    = 251658240                              {pd product} {ergonomic}
     bool SegmentedCodeCache                       = true                                      {product} {ergonomic}
     bool UseCompressedClassPointers               = true                                 {lp64_product} {ergonomic}
     bool UseCompressedOops                        = true                                 {lp64_product} {ergonomic}
     bool UseG1GC                                  = true                                      {product} {ergonomic}
     bool UseLargePagesIndividualAllocation        = false                                  {pd product} {ergonomic}

Logging:
Log output configuration:
 #0: stdout all=warning uptime,level,tags
 #1: stderr all=off uptime,level,tags

Environment Variables:
PATH=C:\Windows\system32;C:\Windows;C:\Windows\System32\Wbem;C:\Windows\System32\WindowsPowerShell\v1.0\;C:\Windows\System32\OpenSSH\;E:\Node\;C:\ProgramData\chocolatey\bin;C:\Program Files\Git\cmd;C:\Users\av858\AppData\Local\Microsoft\WindowsApps;C:\Users\av858\AppData\Local\Programs\Microsoft VS Code\bin;C:\src\flutter\bin;C:\Users\av858\AppData\Roaming\npm
USERNAME=av858
OS=Windows_NT
PROCESSOR_IDENTIFIER=Intel64 Family 6 Model 142 Stepping 10, GenuineIntel



---------------  S Y S T E M  ---------------

OS: Windows 11 , 64 bit Build 22000 (10.0.22000.708)
OS uptime: 0 days 7:36 hours
Hyper-V role detected

CPU:total 4 (initial active 4) (2 cores per cpu, 2 threads per core) family 6 model 142 stepping 10 microcode 0xe0, cmov, cx8, fxsr, mmx, sse, sse2, sse3, ssse3, sse4.1, sse4.2, popcnt, avx, avx2, aes, clmul, erms, 3dnowpref, lzcnt, ht, tsc, tscinvbit, bmi1, bmi2, adx, fma

Memory: 4k page, system-wide physical 8056M (404M free)
TotalPageFile size 32632M (AvailPageFile size 131M)
current process WorkingSet (physical memory assigned to process): 261M, peak: 338M
current process commit charge ("private bytes"): 384M, peak: 575M

vm_info: OpenJDK 64-Bit Server VM (11.0.13+0-b1751.21-8125866) for windows-amd64 JRE (11.0.13+0-b1751.21-8125866), built on Feb  2 2022 03:00:22 by "builder" with MS VC++ 14.0 (VS2015)

END.
